Using pre-set license
Built from '2022.3/staging' branch; Version is '2022.3.28f1 (6bae5ce6b222) revision 7056988'; Using compiler version '192829333'; Build Type 'Release'
OS: 'Windows 10  (10.0.19045) 64bit Professional' Language: 'ko' Physical Memory: 32653 MB
BatchMode: 1, IsHumanControllingUs: 0, StartBugReporterOnCrash: 0, Is64bit: 1, IsPro: 1

COMMAND LINE ARGUMENTS:
C:\Program Files\Unity\Hub\Editor\2022.3.28f1\Editor\Unity.exe
-adb2
-batchMode
-noUpm
-name
AssetImportWorker2
-projectPath
D:/Unity/한달인턴 관련 폴더/TheStandingHero/Intern_Clicker_Game
-logFile
Logs/AssetImportWorker2.log
-srvPort
10972
Successfully changed project path to: D:/Unity/한달인턴 관련 폴더/TheStandingHero/Intern_Clicker_Game
D:/Unity/한달인턴 관련 폴더/TheStandingHero/Intern_Clicker_Game
[UnityMemory] Configuration Parameters - Can be set up in boot.config
    "memorysetup-bucket-allocator-granularity=16"
    "memorysetup-bucket-allocator-bucket-count=8"
    "memorysetup-bucket-allocator-block-size=33554432"
    "memorysetup-bucket-allocator-block-count=8"
    "memorysetup-main-allocator-block-size=16777216"
    "memorysetup-thread-allocator-block-size=16777216"
    "memorysetup-gfx-main-allocator-block-size=16777216"
    "memorysetup-gfx-thread-allocator-block-size=16777216"
    "memorysetup-cache-allocator-block-size=4194304"
    "memorysetup-typetree-allocator-block-size=2097152"
    "memorysetup-profiler-bucket-allocator-granularity=16"
    "memorysetup-profiler-bucket-allocator-bucket-count=8"
    "memorysetup-profiler-bucket-allocator-block-size=33554432"
    "memorysetup-profiler-bucket-allocator-block-count=8"
    "memorysetup-profiler-allocator-block-size=16777216"
    "memorysetup-profiler-editor-allocator-block-size=1048576"
    "memorysetup-temp-allocator-size-main=16777216"
    "memorysetup-job-temp-allocator-block-size=2097152"
    "memorysetup-job-temp-allocator-block-size-background=1048576"
    "memorysetup-job-temp-allocator-reduction-small-platforms=262144"
    "memorysetup-allocator-temp-initial-block-size-main=262144"
    "memorysetup-allocator-temp-initial-block-size-worker=262144"
    "memorysetup-temp-allocator-size-background-worker=32768"
    "memorysetup-temp-allocator-size-job-worker=262144"
    "memorysetup-temp-allocator-size-preload-manager=33554432"
    "memorysetup-temp-allocator-size-nav-mesh-worker=65536"
    "memorysetup-temp-allocator-size-audio-worker=65536"
    "memorysetup-temp-allocator-size-cloud-worker=32768"
    "memorysetup-temp-allocator-size-gi-baking-worker=262144"
    "memorysetup-temp-allocator-size-gfx=262144"
Player connection [18524] Host "[IP] 192.168.0.4 [Port] 0 [Flags] 2 [Guid] 4245065618 [EditorId] 4245065618 [Version] 1048832 [Id] WindowsEditor(7,DESKTOP-35SL7BV) [Debug] 1 [PackageName] WindowsEditor [ProjectName] Editor" joined multi-casting on [225.0.0.222:54997]...

Player connection [18524] Host "[IP] 192.168.0.4 [Port] 0 [Flags] 2 [Guid] 4245065618 [EditorId] 4245065618 [Version] 1048832 [Id] WindowsEditor(7,DESKTOP-35SL7BV) [Debug] 1 [PackageName] WindowsEditor [ProjectName] Editor" joined alternative multi-casting on [225.0.0.222:34997]...

[Physics::Module] Initialized MultithreadedJobDispatcher with 15 workers.
Refreshing native plugins compatible for Editor in 12.18 ms, found 4 plugins.
Preloading 0 native plugins for Editor in 0.00 ms.
Initialize engine version: 2022.3.28f1 (6bae5ce6b222)
[Subsystems] Discovering subsystems at path C:/Program Files/Unity/Hub/Editor/2022.3.28f1/Editor/Data/Resources/UnitySubsystems
[Subsystems] Discovering subsystems at path D:/Unity/한달인턴 관련 폴더/TheStandingHero/Intern_Clicker_Game/Assets
GfxDevice: creating device client; threaded=0; jobified=0
Direct3D:
    Version:  Direct3D 11.0 [level 11.1]
    Renderer: NVIDIA GeForce RTX 4070 SUPER (ID=0x2783)
    Vendor:   NVIDIA
    VRAM:     11999 MB
    Driver:   32.0.15.5612
Initialize mono
Mono path[0] = 'C:/Program Files/Unity/Hub/Editor/2022.3.28f1/Editor/Data/Managed'
Mono path[1] = 'C:/Program Files/Unity/Hub/Editor/2022.3.28f1/Editor/Data/MonoBleedingEdge/lib/mono/unityjit-win32'
Mono config path = 'C:/Program Files/Unity/Hub/Editor/2022.3.28f1/Editor/Data/MonoBleedingEdge/etc'
Using monoOptions --debugger-agent=transport=dt_socket,embedding=1,server=y,suspend=n,address=127.0.0.1:56832
Begin MonoManager ReloadAssembly
Registering precompiled unity dll's ...
Register platform support module: C:/Program Files/Unity/Hub/Editor/2022.3.28f1/Editor/Data/PlaybackEngines/AndroidPlayer/UnityEditor.Android.Extensions.dll
Register platform support module: C:/Program Files/Unity/Hub/Editor/2022.3.28f1/Editor/Data/PlaybackEngines/iOSSupport/UnityEditor.iOS.Extensions.dll
Register platform support module: C:/Program Files/Unity/Hub/Editor/2022.3.28f1/Editor/Data/PlaybackEngines/WindowsStandaloneSupport/UnityEditor.WindowsStandalone.Extensions.dll
Registered in 0.014146 seconds.
- Loaded All Assemblies, in  0.311 seconds
Native extension for WindowsStandalone target not found
[usbmuxd] Start listen thread
[usbmuxd] Listen thread started
Native extension for iOS target not found
Native extension for Android target not found
Android Extension - Scanning For ADB Devices 212 ms
Mono: successfully reloaded assembly
- Finished resetting the current domain, in  0.495 seconds
Domain Reload Profiling: 803ms
	BeginReloadAssembly (98ms)
		ExecutionOrderSort (0ms)
		DisableScriptedObjects (0ms)
		BackupInstance (0ms)
		ReleaseScriptingObjects (0ms)
		CreateAndSetChildDomain (1ms)
	RebuildCommonClasses (27ms)
	RebuildNativeTypeToScriptingClass (8ms)
	initialDomainReloadingComplete (60ms)
	LoadAllAssembliesAndSetupDomain (115ms)
		LoadAssemblies (96ms)
		RebuildTransferFunctionScriptingTraits (0ms)
		AnalyzeDomain (112ms)
			TypeCache.Refresh (111ms)
				TypeCache.ScanAssembly (101ms)
			ScanForSourceGeneratedMonoScriptInfo (0ms)
			ResolveRequiredComponents (0ms)
	FinalizeReload (495ms)
		ReleaseScriptCaches (0ms)
		RebuildScriptCaches (0ms)
		SetupLoadedEditorAssemblies (448ms)
			LogAssemblyErrors (0ms)
			InitializePlatformSupportModulesInManaged (310ms)
			SetLoadedEditorAssemblies (3ms)
			RefreshPlugins (0ms)
			BeforeProcessingInitializeOnLoad (2ms)
			ProcessInitializeOnLoadAttributes (97ms)
			ProcessInitializeOnLoadMethodAttributes (36ms)
			AfterProcessingInitializeOnLoad (0ms)
			EditorAssembliesLoaded (0ms)
		ExecutionOrderSort2 (0ms)
		AwakeInstancesAfterBackupRestoration (0ms)
========================================================================
Worker process is ready to serve import requests
Begin MonoManager ReloadAssembly
- Loaded All Assemblies, in  0.549 seconds
Refreshing native plugins compatible for Editor in 4.21 ms, found 4 plugins.
Native extension for WindowsStandalone target not found
Native extension for iOS target not found
Native extension for Android target not found
Package Manager log level set to [2]
[Package Manager] Server::EnsureServerProcessIsRunning -- launch failed, reason: Unity was launched with the -noUpm command-line argument
[Package Manager] UpmClient::Send -- Unable to send message (not connected to UPM process).
[Package Manager] Cannot connect to Unity Package Manager local server
Mono: successfully reloaded assembly
- Finished resetting the current domain, in  0.520 seconds
Domain Reload Profiling: 1066ms
	BeginReloadAssembly (126ms)
		ExecutionOrderSort (0ms)
		DisableScriptedObjects (5ms)
		BackupInstance (0ms)
		ReleaseScriptingObjects (0ms)
		CreateAndSetChildDomain (18ms)
	RebuildCommonClasses (28ms)
	RebuildNativeTypeToScriptingClass (9ms)
	initialDomainReloadingComplete (40ms)
	LoadAllAssembliesAndSetupDomain (343ms)
		LoadAssemblies (283ms)
		RebuildTransferFunctionScriptingTraits (0ms)
		AnalyzeDomain (137ms)
			TypeCache.Refresh (117ms)
				TypeCache.ScanAssembly (104ms)
			ScanForSourceGeneratedMonoScriptInfo (16ms)
			ResolveRequiredComponents (4ms)
	FinalizeReload (520ms)
		ReleaseScriptCaches (0ms)
		RebuildScriptCaches (0ms)
		SetupLoadedEditorAssemblies (398ms)
			LogAssemblyErrors (0ms)
			InitializePlatformSupportModulesInManaged (32ms)
			SetLoadedEditorAssemblies (3ms)
			RefreshPlugins (0ms)
			BeforeProcessingInitializeOnLoad (61ms)
			ProcessInitializeOnLoadAttributes (264ms)
			ProcessInitializeOnLoadMethodAttributes (29ms)
			AfterProcessingInitializeOnLoad (10ms)
			EditorAssembliesLoaded (0ms)
		ExecutionOrderSort2 (0ms)
		AwakeInstancesAfterBackupRestoration (5ms)
Launched and connected shader compiler UnityShaderCompiler.exe after 0.04 seconds
Refreshing native plugins compatible for Editor in 4.67 ms, found 4 plugins.
Preloading 0 native plugins for Editor in 0.00 ms.
Unloading 4036 Unused Serialized files (Serialized files now loaded: 0)
Unloading 71 unused Assets / (245.9 KB). Loaded Objects now: 4493.
Memory consumption went from 149.4 MB to 149.1 MB.
Total: 2.824400 ms (FindLiveObjects: 0.180800 ms CreateObjectMapping: 0.115600 ms MarkObjects: 2.364000 ms  DeleteObjects: 0.163500 ms)

AssetImportParameters requested are different than current active one (requested -> active):
  custom:container-demuxer-ogg: 62fdf1f143b41e24485cea50d1cbac27 -> 
  custom:video-decoder-ogg-theora: a1e56fd34408186e4bbccfd4996cb3dc -> 
  custom:framework-win-MediaFoundation: 216162199b28c13a410421893ffa2e32 -> 
  custom:CustomObjectIndexerAttribute: 9a22284fe3817be447336de3de66b15e -> 
  custom:container-demuxer-webm: 4f35f7cbe854078d1ac9338744f61a02 -> 
  custom:container-muxer-webm: aa71ff27fc2769a1b78a27578f13a17b -> 
  custom:video-decoder-webm-vp8: 9c59270c3fd7afecdb556c50c9e8de78 -> 
  custom:SearchIndexIgnoredProperties: e643bd26f0fe6173181afceb89e7c659 -> 
  custom:AudioImporter_EditorPlatform: d09bf68614088b80899f8185d706f6e7 -> 
  custom:video-encoder-webm-vp8: eb34c28f22e8b96e1ab97ce403110664 -> 
  custom:audio-decoder-ogg-vorbis: bf7c407c2cedff20999df2af8eb42d56 -> 
  custom:audio-encoder-webm-vorbis: bf7c407c2cedff20999df2af8eb42d56 -> 
========================================================================
Received Import Request.
  Time since last request: 958467.822629 seconds.
  path: Assets/Resource/Tiny RPG Character Asset Pack v1.03 -Full 20 Characters/Characters(100x100)/Knight/Knight with shadows/Knight.png
  artifactKey: Guid(55424e67af66c99409bc9f61452eb05f) Importer(815301076,1909f56bfc062723c751e8b465ee728b)
Start importing Assets/Resource/Tiny RPG Character Asset Pack v1.03 -Full 20 Characters/Characters(100x100)/Knight/Knight with shadows/Knight.png using Guid(55424e67af66c99409bc9f61452eb05f) Importer(815301076,1909f56bfc062723c751e8b465ee728b)  -> (artifact id: '2f1d20b69f858f75014795b7be3182b3') in 0.070327 seconds
Number of updated asset objects reloaded before import = 0
Number of asset objects unloaded after import = 3
========================================================================
Received Import Request.
  Time since last request: 0.000246 seconds.
  path: Assets/Resource/Tiny RPG Character Asset Pack v1.03 -Full 20 Characters/Characters(100x100)/Knight Templar/Knight Templar with shadows/Knight Templar-Attack01.png
  artifactKey: Guid(0b3fcb776ad0a3e4988cd1d3721a3d93) Importer(815301076,1909f56bfc062723c751e8b465ee728b)
Start importing Assets/Resource/Tiny RPG Character Asset Pack v1.03 -Full 20 Characters/Characters(100x100)/Knight Templar/Knight Templar with shadows/Knight Templar-Attack01.png using Guid(0b3fcb776ad0a3e4988cd1d3721a3d93) Importer(815301076,1909f56bfc062723c751e8b465ee728b)  -> (artifact id: 'efad01599bf0b105169c79c8cf303fc7') in 0.028135 seconds
Number of updated asset objects reloaded before import = 0
Number of asset objects unloaded after import = 3
========================================================================
Received Import Request.
  Time since last request: 1.566544 seconds.
  path: Assets/Resource/Tiny RPG Character Asset Pack v1.03 -Full 20 Characters/Characters(100x100)/Knight Templar/Knight Templar(Split Effects)/Knight Templar-Attack01_Effect.png
  artifactKey: Guid(4226f7ff60755e140a4b92a4fa198c70) Importer(815301076,1909f56bfc062723c751e8b465ee728b)
Start importing Assets/Resource/Tiny RPG Character Asset Pack v1.03 -Full 20 Characters/Characters(100x100)/Knight Templar/Knight Templar(Split Effects)/Knight Templar-Attack01_Effect.png using Guid(4226f7ff60755e140a4b92a4fa198c70) Importer(815301076,1909f56bfc062723c751e8b465ee728b)  -> (artifact id: 'bcd84db99138ff3953f466cba2fde74b') in 0.019891 seconds
Number of updated asset objects reloaded before import = 0
Number of asset objects unloaded after import = 3
========================================================================
Received Import Request.
  Time since last request: 0.004027 seconds.
  path: Assets/Resource/Tiny RPG Character Asset Pack v1.03 -Full 20 Characters/Characters(100x100)/Knight Templar/Knight Templar(Split Effects)/Knight Templar-Attack02_Effect.png
  artifactKey: Guid(1e99522bdd17573498d54bc0c28699ea) Importer(815301076,1909f56bfc062723c751e8b465ee728b)
Start importing Assets/Resource/Tiny RPG Character Asset Pack v1.03 -Full 20 Characters/Characters(100x100)/Knight Templar/Knight Templar(Split Effects)/Knight Templar-Attack02_Effect.png using Guid(1e99522bdd17573498d54bc0c28699ea) Importer(815301076,1909f56bfc062723c751e8b465ee728b)  -> (artifact id: '7617e755141f7393553c2eeb691da682') in 0.022343 seconds
Number of updated asset objects reloaded before import = 0
Number of asset objects unloaded after import = 3
========================================================================
Received Import Request.
  Time since last request: 0.000746 seconds.
  path: Assets/Resource/Tiny RPG Character Asset Pack v1.03 -Full 20 Characters/Characters(100x100)/Knight Templar/Knight Templar with shadows/Knight Templar-Attack03.png
  artifactKey: Guid(3c46d264ad44bab428e12b1bf1abff8e) Importer(815301076,1909f56bfc062723c751e8b465ee728b)
Start importing Assets/Resource/Tiny RPG Character Asset Pack v1.03 -Full 20 Characters/Characters(100x100)/Knight Templar/Knight Templar with shadows/Knight Templar-Attack03.png using Guid(3c46d264ad44bab428e12b1bf1abff8e) Importer(815301076,1909f56bfc062723c751e8b465ee728b)  -> (artifact id: '44acc9fdfbef3f197c9874ab13d6df69') in 0.023565 seconds
Number of updated asset objects reloaded before import = 0
Number of asset objects unloaded after import = 3
========================================================================
Received Import Request.
  Time since last request: 0.016729 seconds.
  path: Assets/Resource/Tiny RPG Character Asset Pack v1.03 -Full 20 Characters/Characters(100x100)/Knight Templar/Knight Templar(Split Effects)/Knight Templar-Attack03_Effect.png
  artifactKey: Guid(fc8f9d7a85164ff4ab2a6d24cbc20883) Importer(815301076,1909f56bfc062723c751e8b465ee728b)
Start importing Assets/Resource/Tiny RPG Character Asset Pack v1.03 -Full 20 Characters/Characters(100x100)/Knight Templar/Knight Templar(Split Effects)/Knight Templar-Attack03_Effect.png using Guid(fc8f9d7a85164ff4ab2a6d24cbc20883) Importer(815301076,1909f56bfc062723c751e8b465ee728b)  -> (artifact id: '5d3ba6c14495321c21b64dae52e05ae7') in 0.009857 seconds
Number of updated asset objects reloaded before import = 0
Number of asset objects unloaded after import = 3
========================================================================
Received Import Request.
  Time since last request: 0.802220 seconds.
  path: Assets/Resource/Tiny RPG Character Asset Pack v1.03 -Full 20 Characters/Characters(100x100)/Knight Templar/Knight Templar with shadows/Knight Templar-Block.png
  artifactKey: Guid(0c9a0ce6eca3a1442afdf82076e414b8) Importer(815301076,1909f56bfc062723c751e8b465ee728b)
Start importing Assets/Resource/Tiny RPG Character Asset Pack v1.03 -Full 20 Characters/Characters(100x100)/Knight Templar/Knight Templar with shadows/Knight Templar-Block.png using Guid(0c9a0ce6eca3a1442afdf82076e414b8) Importer(815301076,1909f56bfc062723c751e8b465ee728b)  -> (artifact id: '26f01e79fe9a55c1189de52f488498b7') in 0.010867 seconds
Number of updated asset objects reloaded before import = 0
Number of asset objects unloaded after import = 3
========================================================================
Received Import Request.
  Time since last request: 0.028098 seconds.
  path: Assets/Resource/Tiny RPG Character Asset Pack v1.03 -Full 20 Characters/Characters(100x100)/Knight Templar/Knight Templar with shadows/Knight Templar-Death.png
  artifactKey: Guid(da39fbd91f8212d4a9c8c13994c7a2f6) Importer(815301076,1909f56bfc062723c751e8b465ee728b)
Start importing Assets/Resource/Tiny RPG Character Asset Pack v1.03 -Full 20 Characters/Characters(100x100)/Knight Templar/Knight Templar with shadows/Knight Templar-Death.png using Guid(da39fbd91f8212d4a9c8c13994c7a2f6) Importer(815301076,1909f56bfc062723c751e8b465ee728b)  -> (artifact id: '6cfd0d2af9b6a84c20714f669bdeb590') in 0.009681 seconds
Number of updated asset objects reloaded before import = 0
Number of asset objects unloaded after import = 3
========================================================================
Received Import Request.
  Time since last request: 0.188217 seconds.
  path: Assets/Resource/Tiny RPG Character Asset Pack v1.03 -Full 20 Characters/Characters(100x100)/Knight Templar/Knight Templar with shadows/Knight Templar-Hurt.png
  artifactKey: Guid(db1af12c7ab85ea4199903393a0b419f) Importer(815301076,1909f56bfc062723c751e8b465ee728b)
Start importing Assets/Resource/Tiny RPG Character Asset Pack v1.03 -Full 20 Characters/Characters(100x100)/Knight Templar/Knight Templar with shadows/Knight Templar-Hurt.png using Guid(db1af12c7ab85ea4199903393a0b419f) Importer(815301076,1909f56bfc062723c751e8b465ee728b)  -> (artifact id: 'cfcec0ba3e344e230d3410cbe7fcec50') in 0.009548 seconds
Number of updated asset objects reloaded before import = 0
Number of asset objects unloaded after import = 3
========================================================================
Received Import Request.
  Time since last request: 0.017944 seconds.
  path: Assets/Resource/Tiny RPG Character Asset Pack v1.03 -Full 20 Characters/Characters(100x100)/Knight Templar/Knight Templar with shadows/Knight Templar-Idle.png
  artifactKey: Guid(cafa9adcdfb24634d9e19da9e82f421e) Importer(815301076,1909f56bfc062723c751e8b465ee728b)
Start importing Assets/Resource/Tiny RPG Character Asset Pack v1.03 -Full 20 Characters/Characters(100x100)/Knight Templar/Knight Templar with shadows/Knight Templar-Idle.png using Guid(cafa9adcdfb24634d9e19da9e82f421e) Importer(815301076,1909f56bfc062723c751e8b465ee728b)  -> (artifact id: '0307bff358076d7be6e397ccc3b3f293') in 0.025319 seconds
Number of updated asset objects reloaded before import = 0
Number of asset objects unloaded after import = 3
========================================================================
Received Import Request.
  Time since last request: 0.004746 seconds.
  path: Assets/Resource/Tiny RPG Character Asset Pack v1.03 -Full 20 Characters/Characters(100x100)/Knight Templar/Knight Templar/Knight Templar-Walk01.png
  artifactKey: Guid(dc9645fe6b5d4554e8da84c00303bb4e) Importer(815301076,1909f56bfc062723c751e8b465ee728b)
Start importing Assets/Resource/Tiny RPG Character Asset Pack v1.03 -Full 20 Characters/Characters(100x100)/Knight Templar/Knight Templar/Knight Templar-Walk01.png using Guid(dc9645fe6b5d4554e8da84c00303bb4e) Importer(815301076,1909f56bfc062723c751e8b465ee728b)  -> (artifact id: '9d09ac0bb6e783a320cfffac3633aa66') in 0.012920 seconds
Number of updated asset objects reloaded before import = 0
Number of asset objects unloaded after import = 3
========================================================================
Received Import Request.
  Time since last request: 0.008135 seconds.
  path: Assets/Resource/Tiny RPG Character Asset Pack v1.03 -Full 20 Characters/Characters(100x100)/Knight Templar/Knight Templar/Knight Templar-Walk02.png
  artifactKey: Guid(a478394e9b61e434b978e24dedb639a8) Importer(815301076,1909f56bfc062723c751e8b465ee728b)
Start importing Assets/Resource/Tiny RPG Character Asset Pack v1.03 -Full 20 Characters/Characters(100x100)/Knight Templar/Knight Templar/Knight Templar-Walk02.png using Guid(a478394e9b61e434b978e24dedb639a8) Importer(815301076,1909f56bfc062723c751e8b465ee728b)  -> (artifact id: 'b23adcaeab5a9c2cc752eb2e76c72ba1') in 0.009786 seconds
Number of updated asset objects reloaded before import = 0
Number of asset objects unloaded after import = 3
========================================================================
Received Import Request.
  Time since last request: 0.192427 seconds.
  path: Assets/Resource/Tiny RPG Character Asset Pack v1.03 -Full 20 Characters/Aseprite file/Knight Templar.aseprite
  artifactKey: Guid(25b231aaeca934f4ab8e46d5d209029e) Importer(815301076,1909f56bfc062723c751e8b465ee728b)
Start importing Assets/Resource/Tiny RPG Character Asset Pack v1.03 -Full 20 Characters/Aseprite file/Knight Templar.aseprite using Guid(25b231aaeca934f4ab8e46d5d209029e) Importer(815301076,1909f56bfc062723c751e8b465ee728b)  -> (artifact id: '737b36b80447aa804e4cfd413670070c') in 0.331032 seconds
Number of updated asset objects reloaded before import = 0
Number of asset objects unloaded after import = 87
========================================================================
Received Prepare
Begin MonoManager ReloadAssembly
- Loaded All Assemblies, in  0.412 seconds
Refreshing native plugins compatible for Editor in 4.18 ms, found 4 plugins.
Native extension for WindowsStandalone target not found
Native extension for iOS target not found
Native extension for Android target not found
[Package Manager] Server::EnsureServerProcessIsRunning -- launch failed, reason: Unity was launched with the -noUpm command-line argument
[Package Manager] UpmClient::Send -- Unable to send message (not connected to UPM process).
[Package Manager] Cannot connect to Unity Package Manager local server
Mono: successfully reloaded assembly
- Finished resetting the current domain, in  1.005 seconds
Domain Reload Profiling: 1414ms
	BeginReloadAssembly (143ms)
		ExecutionOrderSort (0ms)
		DisableScriptedObjects (10ms)
		BackupInstance (0ms)
		ReleaseScriptingObjects (0ms)
		CreateAndSetChildDomain (31ms)
	RebuildCommonClasses (26ms)
	RebuildNativeTypeToScriptingClass (10ms)
	initialDomainReloadingComplete (30ms)
	LoadAllAssembliesAndSetupDomain (200ms)
		LoadAssemblies (264ms)
		RebuildTransferFunctionScriptingTraits (0ms)
		AnalyzeDomain (11ms)
			TypeCache.Refresh (4ms)
				TypeCache.ScanAssembly (0ms)
			ScanForSourceGeneratedMonoScriptInfo (0ms)
			ResolveRequiredComponents (5ms)
	FinalizeReload (1005ms)
		ReleaseScriptCaches (0ms)
		RebuildScriptCaches (0ms)
		SetupLoadedEditorAssemblies (421ms)
			LogAssemblyErrors (0ms)
			InitializePlatformSupportModulesInManaged (39ms)
			SetLoadedEditorAssemblies (3ms)
			RefreshPlugins (0ms)
			BeforeProcessingInitializeOnLoad (73ms)
			ProcessInitializeOnLoadAttributes (266ms)
			ProcessInitializeOnLoadMethodAttributes (29ms)
			AfterProcessingInitializeOnLoad (11ms)
			EditorAssembliesLoaded (0ms)
		ExecutionOrderSort2 (0ms)
		AwakeInstancesAfterBackupRestoration (12ms)
Refreshing native plugins compatible for Editor in 6.46 ms, found 4 plugins.
Preloading 0 native plugins for Editor in 0.00 ms.
Unloading 4029 Unused Serialized files (Serialized files now loaded: 0)
Unloading 43 unused Assets / (218.0 KB). Loaded Objects now: 4569.
Memory consumption went from 147.3 MB to 147.0 MB.
Total: 2.897200 ms (FindLiveObjects: 0.218600 ms CreateObjectMapping: 0.100600 ms MarkObjects: 2.435700 ms  DeleteObjects: 0.141600 ms)

Prepare: number of updated asset objects reloaded= 0
AssetImportParameters requested are different than current active one (requested -> active):
  custom:container-demuxer-ogg: 62fdf1f143b41e24485cea50d1cbac27 -> 
  custom:video-decoder-ogg-theora: a1e56fd34408186e4bbccfd4996cb3dc -> 
  custom:framework-win-MediaFoundation: 216162199b28c13a410421893ffa2e32 -> 
  custom:CustomObjectIndexerAttribute: 9a22284fe3817be447336de3de66b15e -> 
  custom:container-demuxer-webm: 4f35f7cbe854078d1ac9338744f61a02 -> 
  custom:container-muxer-webm: aa71ff27fc2769a1b78a27578f13a17b -> 
  custom:video-decoder-webm-vp8: 9c59270c3fd7afecdb556c50c9e8de78 -> 
  custom:SearchIndexIgnoredProperties: e643bd26f0fe6173181afceb89e7c659 -> 
  custom:AudioImporter_EditorPlatform: d09bf68614088b80899f8185d706f6e7 -> 
  custom:video-encoder-webm-vp8: eb34c28f22e8b96e1ab97ce403110664 -> 
  custom:audio-decoder-ogg-vorbis: bf7c407c2cedff20999df2af8eb42d56 -> 
  custom:audio-encoder-webm-vorbis: bf7c407c2cedff20999df2af8eb42d56 -> 
========================================================================
Received Import Request.
  Time since last request: 392.051883 seconds.
  path: Assets/Resource/kenney_pixel-platformer/Tilemap/tilemap-characters.png
  artifactKey: Guid(c586e71f271ac694586d952e0d7edafb) Importer(815301076,1909f56bfc062723c751e8b465ee728b)
Start importing Assets/Resource/kenney_pixel-platformer/Tilemap/tilemap-characters.png using Guid(c586e71f271ac694586d952e0d7edafb) Importer(815301076,1909f56bfc062723c751e8b465ee728b)  -> (artifact id: '93b71140616d2bf928e8ae01551b6aff') in 0.051883 seconds
Number of updated asset objects reloaded before import = 0
Number of asset objects unloaded after import = 3
========================================================================
Received Import Request.
  Time since last request: 0.442032 seconds.
  path: Assets/Resource/kenney_pixel-platformer/Tilemap/tilemap-characters_packed.png
  artifactKey: Guid(39ced171ea9bb6045a7d9a664a12fee1) Importer(815301076,1909f56bfc062723c751e8b465ee728b)
Start importing Assets/Resource/kenney_pixel-platformer/Tilemap/tilemap-characters_packed.png using Guid(39ced171ea9bb6045a7d9a664a12fee1) Importer(815301076,1909f56bfc062723c751e8b465ee728b)  -> (artifact id: '4460ccc4967e1d853e3bc6b1da1d8569') in 0.012090 seconds
Number of updated asset objects reloaded before import = 0
Number of asset objects unloaded after import = 3
========================================================================
Received Import Request.
  Time since last request: 2.796393 seconds.
  path: Assets/Resource/Tiny RPG Character Asset Pack v1.03 -Full 20 Characters
  artifactKey: Guid(55751aaada80e1049b2d8aa131a97489) Importer(815301076,1909f56bfc062723c751e8b465ee728b)
Start importing Assets/Resource/Tiny RPG Character Asset Pack v1.03 -Full 20 Characters using Guid(55751aaada80e1049b2d8aa131a97489) Importer(815301076,1909f56bfc062723c751e8b465ee728b)  -> (artifact id: '4d5ac56f6032cc46948015e176072b30') in 0.000460 seconds
Number of updated asset objects reloaded before import = 0
Number of asset objects unloaded after import = 0
========================================================================
Received Import Request.
  Time since last request: 1.716893 seconds.
  path: Assets/Resource/Tiny RPG Character Asset Pack v1.03 -Full 20 Characters/Aseprite file
  artifactKey: Guid(e788aa744e4245d479b1624ed066fa74) Importer(815301076,1909f56bfc062723c751e8b465ee728b)
Start importing Assets/Resource/Tiny RPG Character Asset Pack v1.03 -Full 20 Characters/Aseprite file using Guid(e788aa744e4245d479b1624ed066fa74) Importer(815301076,1909f56bfc062723c751e8b465ee728b)  -> (artifact id: '1987527b2e8a33e99c639e54b23ae263') in 0.000397 seconds
Number of updated asset objects reloaded before import = 0
Number of asset objects unloaded after import = 0
========================================================================
Received Import Request.
  Time since last request: 10.183729 seconds.
  path: Assets/Resource/Tiny RPG Character Asset Pack v1.03 -Full 20 Characters/Aseprite file/Armored Skeleton.aseprite
  artifactKey: Guid(a01a0814ea396bf488e46ce5d5d84c10) Importer(815301076,1909f56bfc062723c751e8b465ee728b)
Start importing Assets/Resource/Tiny RPG Character Asset Pack v1.03 -Full 20 Characters/Aseprite file/Armored Skeleton.aseprite using Guid(a01a0814ea396bf488e46ce5d5d84c10) Importer(815301076,1909f56bfc062723c751e8b465ee728b)  -> (artifact id: '46e172e98f307222a23f9f67032a12e1') in 0.348093 seconds
Number of updated asset objects reloaded before import = 0
Number of asset objects unloaded after import = 60
========================================================================
Received Import Request.
  Time since last request: 4.628243 seconds.
  path: Assets/Resource/Tiny RPG Character Asset Pack v1.03 -Full 20 Characters/Aseprite file/Knight.aseprite
  artifactKey: Guid(c1ff9465541e6594392c03b4b8e26179) Importer(815301076,1909f56bfc062723c751e8b465ee728b)
Start importing Assets/Resource/Tiny RPG Character Asset Pack v1.03 -Full 20 Characters/Aseprite file/Knight.aseprite using Guid(c1ff9465541e6594392c03b4b8e26179) Importer(815301076,1909f56bfc062723c751e8b465ee728b)  -> (artifact id: 'b1ecf415b7d7cbce019e87747328a936') in 0.172592 seconds
Number of updated asset objects reloaded before import = 0
Number of asset objects unloaded after import = 79
========================================================================
Received Import Request.
  Time since last request: 85.909961 seconds.
  path: Assets/Scripts/PlayerAttack.cs
  artifactKey: Guid(e632b097d6cc44047b4d51a1e331ef3b) Importer(815301076,1909f56bfc062723c751e8b465ee728b)
Start importing Assets/Scripts/PlayerAttack.cs using Guid(e632b097d6cc44047b4d51a1e331ef3b) Importer(815301076,1909f56bfc062723c751e8b465ee728b)  -> (artifact id: '1ac355d1df4bb899e73b900c37092bfa') in 0.000467 seconds
Number of updated asset objects reloaded before import = 0
Number of asset objects unloaded after import = 0
========================================================================
Received Prepare
Begin MonoManager ReloadAssembly
- Loaded All Assemblies, in  0.424 seconds
Refreshing native plugins compatible for Editor in 4.69 ms, found 4 plugins.
Native extension for WindowsStandalone target not found
Native extension for iOS target not found
Native extension for Android target not found
[Package Manager] Server::EnsureServerProcessIsRunning -- launch failed, reason: Unity was launched with the -noUpm command-line argument
[Package Manager] UpmClient::Send -- Unable to send message (not connected to UPM process).
[Package Manager] Cannot connect to Unity Package Manager local server
Mono: successfully reloaded assembly
- Finished resetting the current domain, in  0.912 seconds
Domain Reload Profiling: 1334ms
	BeginReloadAssembly (150ms)
		ExecutionOrderSort (0ms)
		DisableScriptedObjects (10ms)
		BackupInstance (0ms)
		ReleaseScriptingObjects (0ms)
		CreateAndSetChildDomain (34ms)
	RebuildCommonClasses (27ms)
	RebuildNativeTypeToScriptingClass (9ms)
	initialDomainReloadingComplete (29ms)
	LoadAllAssembliesAndSetupDomain (206ms)
		LoadAssemblies (264ms)
		RebuildTransferFunctionScriptingTraits (0ms)
		AnalyzeDomain (23ms)
			TypeCache.Refresh (6ms)
				TypeCache.ScanAssembly (0ms)
			ScanForSourceGeneratedMonoScriptInfo (11ms)
			ResolveRequiredComponents (5ms)
	FinalizeReload (913ms)
		ReleaseScriptCaches (0ms)
		RebuildScriptCaches (0ms)
		SetupLoadedEditorAssemblies (383ms)
			LogAssemblyErrors (0ms)
			InitializePlatformSupportModulesInManaged (33ms)
			SetLoadedEditorAssemblies (3ms)
			RefreshPlugins (0ms)
			BeforeProcessingInitializeOnLoad (72ms)
			ProcessInitializeOnLoadAttributes (236ms)
			ProcessInitializeOnLoadMethodAttributes (30ms)
			AfterProcessingInitializeOnLoad (10ms)
			EditorAssembliesLoaded (0ms)
		ExecutionOrderSort2 (0ms)
		AwakeInstancesAfterBackupRestoration (10ms)
Refreshing native plugins compatible for Editor in 5.51 ms, found 4 plugins.
Preloading 0 native plugins for Editor in 0.00 ms.
Unloading 4030 Unused Serialized files (Serialized files now loaded: 0)
Unloading 43 unused Assets / (218.1 KB). Loaded Objects now: 4653.
Memory consumption went from 147.4 MB to 147.2 MB.
Total: 2.751300 ms (FindLiveObjects: 0.225200 ms CreateObjectMapping: 0.117700 ms MarkObjects: 2.236100 ms  DeleteObjects: 0.171500 ms)

Prepare: number of updated asset objects reloaded= 0
AssetImportParameters requested are different than current active one (requested -> active):
  custom:container-demuxer-ogg: 62fdf1f143b41e24485cea50d1cbac27 -> 
  custom:video-decoder-ogg-theora: a1e56fd34408186e4bbccfd4996cb3dc -> 
  custom:framework-win-MediaFoundation: 216162199b28c13a410421893ffa2e32 -> 
  custom:CustomObjectIndexerAttribute: 9a22284fe3817be447336de3de66b15e -> 
  custom:container-demuxer-webm: 4f35f7cbe854078d1ac9338744f61a02 -> 
  custom:container-muxer-webm: aa71ff27fc2769a1b78a27578f13a17b -> 
  custom:video-decoder-webm-vp8: 9c59270c3fd7afecdb556c50c9e8de78 -> 
  custom:SearchIndexIgnoredProperties: e643bd26f0fe6173181afceb89e7c659 -> 
  custom:AudioImporter_EditorPlatform: d09bf68614088b80899f8185d706f6e7 -> 
  custom:video-encoder-webm-vp8: eb34c28f22e8b96e1ab97ce403110664 -> 
  custom:audio-decoder-ogg-vorbis: bf7c407c2cedff20999df2af8eb42d56 -> 
  custom:audio-encoder-webm-vorbis: bf7c407c2cedff20999df2af8eb42d56 -> 
========================================================================
Received Import Request.
  Time since last request: 9.519554 seconds.
  path: Assets/Scripts/EnemyMove.cs
  artifactKey: Guid(fcc2074b2e3c4f44bb114a04fc60149b) Importer(815301076,1909f56bfc062723c751e8b465ee728b)
Start importing Assets/Scripts/EnemyMove.cs using Guid(fcc2074b2e3c4f44bb114a04fc60149b) Importer(815301076,1909f56bfc062723c751e8b465ee728b)  -> (artifact id: '6949a11445766d7a1b9f2e782cde2894') in 0.001711 seconds
Number of updated asset objects reloaded before import = 0
Number of asset objects unloaded after import = 0
========================================================================
Received Prepare
Begin MonoManager ReloadAssembly
- Loaded All Assemblies, in  0.430 seconds
Refreshing native plugins compatible for Editor in 4.33 ms, found 4 plugins.
Native extension for WindowsStandalone target not found
Native extension for iOS target not found
Native extension for Android target not found
[Package Manager] Server::EnsureServerProcessIsRunning -- launch failed, reason: Unity was launched with the -noUpm command-line argument
[Package Manager] UpmClient::Send -- Unable to send message (not connected to UPM process).
[Package Manager] Cannot connect to Unity Package Manager local server
Mono: successfully reloaded assembly
- Finished resetting the current domain, in  0.940 seconds
Domain Reload Profiling: 1368ms
	BeginReloadAssembly (145ms)
		ExecutionOrderSort (0ms)
		DisableScriptedObjects (14ms)
		BackupInstance (0ms)
		ReleaseScriptingObjects (0ms)
		CreateAndSetChildDomain (30ms)
	RebuildCommonClasses (26ms)
	RebuildNativeTypeToScriptingClass (9ms)
	initialDomainReloadingComplete (29ms)
	LoadAllAssembliesAndSetupDomain (217ms)
		LoadAssemblies (271ms)
		RebuildTransferFunctionScriptingTraits (0ms)
		AnalyzeDomain (21ms)
			TypeCache.Refresh (7ms)
				TypeCache.ScanAssembly (0ms)
			ScanForSourceGeneratedMonoScriptInfo (8ms)
			ResolveRequiredComponents (5ms)
	FinalizeReload (941ms)
		ReleaseScriptCaches (0ms)
		RebuildScriptCaches (0ms)
		SetupLoadedEditorAssemblies (389ms)
			LogAssemblyErrors (0ms)
			InitializePlatformSupportModulesInManaged (34ms)
			SetLoadedEditorAssemblies (4ms)
			RefreshPlugins (0ms)
			BeforeProcessingInitializeOnLoad (63ms)
			ProcessInitializeOnLoadAttributes (253ms)
			ProcessInitializeOnLoadMethodAttributes (26ms)
			AfterProcessingInitializeOnLoad (10ms)
			EditorAssembliesLoaded (0ms)
		ExecutionOrderSort2 (0ms)
		AwakeInstancesAfterBackupRestoration (11ms)
Refreshing native plugins compatible for Editor in 6.19 ms, found 4 plugins.
Preloading 0 native plugins for Editor in 0.00 ms.
Unloading 4031 Unused Serialized files (Serialized files now loaded: 0)
Unloading 43 unused Assets / (218.0 KB). Loaded Objects now: 4658.
Memory consumption went from 147.4 MB to 147.2 MB.
Total: 2.761200 ms (FindLiveObjects: 0.208000 ms CreateObjectMapping: 0.102600 ms MarkObjects: 2.306100 ms  DeleteObjects: 0.143900 ms)

Prepare: number of updated asset objects reloaded= 0
AssetImportParameters requested are different than current active one (requested -> active):
  custom:container-demuxer-ogg: 62fdf1f143b41e24485cea50d1cbac27 -> 
  custom:video-decoder-ogg-theora: a1e56fd34408186e4bbccfd4996cb3dc -> 
  custom:framework-win-MediaFoundation: 216162199b28c13a410421893ffa2e32 -> 
  custom:CustomObjectIndexerAttribute: 9a22284fe3817be447336de3de66b15e -> 
  custom:container-demuxer-webm: 4f35f7cbe854078d1ac9338744f61a02 -> 
  custom:container-muxer-webm: aa71ff27fc2769a1b78a27578f13a17b -> 
  custom:video-decoder-webm-vp8: 9c59270c3fd7afecdb556c50c9e8de78 -> 
  custom:SearchIndexIgnoredProperties: e643bd26f0fe6173181afceb89e7c659 -> 
  custom:AudioImporter_EditorPlatform: d09bf68614088b80899f8185d706f6e7 -> 
  custom:video-encoder-webm-vp8: eb34c28f22e8b96e1ab97ce403110664 -> 
  custom:audio-decoder-ogg-vorbis: bf7c407c2cedff20999df2af8eb42d56 -> 
  custom:audio-encoder-webm-vorbis: bf7c407c2cedff20999df2af8eb42d56 -> 
========================================================================
Received Import Request.
  Time since last request: 5.123014 seconds.
  path: Assets/Scripts/EnemyMove.cs
  artifactKey: Guid(fcc2074b2e3c4f44bb114a04fc60149b) Importer(815301076,1909f56bfc062723c751e8b465ee728b)
Start importing Assets/Scripts/EnemyMove.cs using Guid(fcc2074b2e3c4f44bb114a04fc60149b) Importer(815301076,1909f56bfc062723c751e8b465ee728b)  -> (artifact id: '8ca87d55560c5ce1345ad8952846e79d') in 0.002049 seconds
Number of updated asset objects reloaded before import = 0
Number of asset objects unloaded after import = 0
========================================================================
Received Import Request.
  Time since last request: 6.943301 seconds.
  path: Assets/Scripts/PlayerAttack.cs
  artifactKey: Guid(e632b097d6cc44047b4d51a1e331ef3b) Importer(815301076,1909f56bfc062723c751e8b465ee728b)
Start importing Assets/Scripts/PlayerAttack.cs using Guid(e632b097d6cc44047b4d51a1e331ef3b) Importer(815301076,1909f56bfc062723c751e8b465ee728b)  -> (artifact id: '3a50db8557663703161568eea0bf6c00') in 0.000447 seconds
Number of updated asset objects reloaded before import = 0
Number of asset objects unloaded after import = 0
