Using pre-set license
Built from '2022.3/staging' branch; Version is '2022.3.28f1 (6bae5ce6b222) revision 7056988'; Using compiler version '192829333'; Build Type 'Release'
OS: 'Windows 10  (10.0.19045) 64bit Professional' Language: 'ko' Physical Memory: 32653 MB
BatchMode: 1, IsHumanControllingUs: 0, StartBugReporterOnCrash: 0, Is64bit: 1, IsPro: 1

COMMAND LINE ARGUMENTS:
C:\Program Files\Unity\Hub\Editor\2022.3.28f1\Editor\Unity.exe
-adb2
-batchMode
-noUpm
-name
AssetImportWorker0
-projectPath
D:/Unity/한달인턴 관련 폴더/TheStandingHero/Intern_Clicker_Game
-logFile
Logs/AssetImportWorker0.log
-srvPort
10972
Successfully changed project path to: D:/Unity/한달인턴 관련 폴더/TheStandingHero/Intern_Clicker_Game
D:/Unity/한달인턴 관련 폴더/TheStandingHero/Intern_Clicker_Game
[UnityMemory] Configuration Parameters - Can be set up in boot.config
    "memorysetup-bucket-allocator-granularity=16"
    "memorysetup-bucket-allocator-bucket-count=8"
    "memorysetup-bucket-allocator-block-size=33554432"
    "memorysetup-bucket-allocator-block-count=8"
    "memorysetup-main-allocator-block-size=16777216"
    "memorysetup-thread-allocator-block-size=16777216"
    "memorysetup-gfx-main-allocator-block-size=16777216"
    "memorysetup-gfx-thread-allocator-block-size=16777216"
    "memorysetup-cache-allocator-block-size=4194304"
    "memorysetup-typetree-allocator-block-size=2097152"
    "memorysetup-profiler-bucket-allocator-granularity=16"
    "memorysetup-profiler-bucket-allocator-bucket-count=8"
    "memorysetup-profiler-bucket-allocator-block-size=33554432"
    "memorysetup-profiler-bucket-allocator-block-count=8"
    "memorysetup-profiler-allocator-block-size=16777216"
    "memorysetup-profiler-editor-allocator-block-size=1048576"
    "memorysetup-temp-allocator-size-main=16777216"
    "memorysetup-job-temp-allocator-block-size=2097152"
    "memorysetup-job-temp-allocator-block-size-background=1048576"
    "memorysetup-job-temp-allocator-reduction-small-platforms=262144"
    "memorysetup-allocator-temp-initial-block-size-main=262144"
    "memorysetup-allocator-temp-initial-block-size-worker=262144"
    "memorysetup-temp-allocator-size-background-worker=32768"
    "memorysetup-temp-allocator-size-job-worker=262144"
    "memorysetup-temp-allocator-size-preload-manager=33554432"
    "memorysetup-temp-allocator-size-nav-mesh-worker=65536"
    "memorysetup-temp-allocator-size-audio-worker=65536"
    "memorysetup-temp-allocator-size-cloud-worker=32768"
    "memorysetup-temp-allocator-size-gi-baking-worker=262144"
    "memorysetup-temp-allocator-size-gfx=262144"
Player connection [19044] Host "[IP] 192.168.0.4 [Port] 0 [Flags] 2 [Guid] 143490257 [EditorId] 143490257 [Version] 1048832 [Id] WindowsEditor(7,DESKTOP-35SL7BV) [Debug] 1 [PackageName] WindowsEditor [ProjectName] Editor" joined multi-casting on [225.0.0.222:54997]...

Player connection [19044] Host "[IP] 192.168.0.4 [Port] 0 [Flags] 2 [Guid] 143490257 [EditorId] 143490257 [Version] 1048832 [Id] WindowsEditor(7,DESKTOP-35SL7BV) [Debug] 1 [PackageName] WindowsEditor [ProjectName] Editor" joined alternative multi-casting on [225.0.0.222:34997]...

[Physics::Module] Initialized MultithreadedJobDispatcher with 15 workers.
Refreshing native plugins compatible for Editor in 11.88 ms, found 4 plugins.
Preloading 0 native plugins for Editor in 0.00 ms.
Initialize engine version: 2022.3.28f1 (6bae5ce6b222)
[Subsystems] Discovering subsystems at path C:/Program Files/Unity/Hub/Editor/2022.3.28f1/Editor/Data/Resources/UnitySubsystems
[Subsystems] Discovering subsystems at path D:/Unity/한달인턴 관련 폴더/TheStandingHero/Intern_Clicker_Game/Assets
GfxDevice: creating device client; threaded=0; jobified=0
Direct3D:
    Version:  Direct3D 11.0 [level 11.1]
    Renderer: NVIDIA GeForce RTX 4070 SUPER (ID=0x2783)
    Vendor:   NVIDIA
    VRAM:     11999 MB
    Driver:   32.0.15.5612
Initialize mono
Mono path[0] = 'C:/Program Files/Unity/Hub/Editor/2022.3.28f1/Editor/Data/Managed'
Mono path[1] = 'C:/Program Files/Unity/Hub/Editor/2022.3.28f1/Editor/Data/MonoBleedingEdge/lib/mono/unityjit-win32'
Mono config path = 'C:/Program Files/Unity/Hub/Editor/2022.3.28f1/Editor/Data/MonoBleedingEdge/etc'
Using monoOptions --debugger-agent=transport=dt_socket,embedding=1,server=y,suspend=n,address=127.0.0.1:56192
Begin MonoManager ReloadAssembly
Registering precompiled unity dll's ...
Register platform support module: C:/Program Files/Unity/Hub/Editor/2022.3.28f1/Editor/Data/PlaybackEngines/AndroidPlayer/UnityEditor.Android.Extensions.dll
Register platform support module: C:/Program Files/Unity/Hub/Editor/2022.3.28f1/Editor/Data/PlaybackEngines/iOSSupport/UnityEditor.iOS.Extensions.dll
Register platform support module: C:/Program Files/Unity/Hub/Editor/2022.3.28f1/Editor/Data/PlaybackEngines/WindowsStandaloneSupport/UnityEditor.WindowsStandalone.Extensions.dll
Registered in 0.014631 seconds.
- Loaded All Assemblies, in  0.319 seconds
Native extension for WindowsStandalone target not found
[usbmuxd] Start listen thread
[usbmuxd] Listen thread started
Native extension for iOS target not found
Native extension for Android target not found
Android Extension - Scanning For ADB Devices 233 ms
Mono: successfully reloaded assembly
- Finished resetting the current domain, in  0.515 seconds
Domain Reload Profiling: 831ms
	BeginReloadAssembly (101ms)
		ExecutionOrderSort (0ms)
		DisableScriptedObjects (0ms)
		BackupInstance (0ms)
		ReleaseScriptingObjects (0ms)
		CreateAndSetChildDomain (1ms)
	RebuildCommonClasses (28ms)
	RebuildNativeTypeToScriptingClass (9ms)
	initialDomainReloadingComplete (63ms)
	LoadAllAssembliesAndSetupDomain (116ms)
		LoadAssemblies (99ms)
		RebuildTransferFunctionScriptingTraits (0ms)
		AnalyzeDomain (113ms)
			TypeCache.Refresh (112ms)
				TypeCache.ScanAssembly (102ms)
			ScanForSourceGeneratedMonoScriptInfo (0ms)
			ResolveRequiredComponents (0ms)
	FinalizeReload (515ms)
		ReleaseScriptCaches (0ms)
		RebuildScriptCaches (0ms)
		SetupLoadedEditorAssemblies (469ms)
			LogAssemblyErrors (0ms)
			InitializePlatformSupportModulesInManaged (334ms)
			SetLoadedEditorAssemblies (3ms)
			RefreshPlugins (0ms)
			BeforeProcessingInitializeOnLoad (2ms)
			ProcessInitializeOnLoadAttributes (95ms)
			ProcessInitializeOnLoadMethodAttributes (35ms)
			AfterProcessingInitializeOnLoad (0ms)
			EditorAssembliesLoaded (0ms)
		ExecutionOrderSort2 (0ms)
		AwakeInstancesAfterBackupRestoration (0ms)
========================================================================
Worker process is ready to serve import requests
Begin MonoManager ReloadAssembly
- Loaded All Assemblies, in  0.576 seconds
Refreshing native plugins compatible for Editor in 4.01 ms, found 4 plugins.
Native extension for WindowsStandalone target not found
Native extension for iOS target not found
Native extension for Android target not found
Package Manager log level set to [2]
[Package Manager] Server::EnsureServerProcessIsRunning -- launch failed, reason: Unity was launched with the -noUpm command-line argument
[Package Manager] UpmClient::Send -- Unable to send message (not connected to UPM process).
[Package Manager] Cannot connect to Unity Package Manager local server
Mono: successfully reloaded assembly
- Finished resetting the current domain, in  0.547 seconds
Domain Reload Profiling: 1119ms
	BeginReloadAssembly (137ms)
		ExecutionOrderSort (0ms)
		DisableScriptedObjects (5ms)
		BackupInstance (0ms)
		ReleaseScriptingObjects (0ms)
		CreateAndSetChildDomain (18ms)
	RebuildCommonClasses (31ms)
	RebuildNativeTypeToScriptingClass (9ms)
	initialDomainReloadingComplete (42ms)
	LoadAllAssembliesAndSetupDomain (352ms)
		LoadAssemblies (291ms)
		RebuildTransferFunctionScriptingTraits (0ms)
		AnalyzeDomain (145ms)
			TypeCache.Refresh (119ms)
				TypeCache.ScanAssembly (106ms)
			ScanForSourceGeneratedMonoScriptInfo (21ms)
			ResolveRequiredComponents (4ms)
	FinalizeReload (548ms)
		ReleaseScriptCaches (0ms)
		RebuildScriptCaches (0ms)
		SetupLoadedEditorAssemblies (423ms)
			LogAssemblyErrors (0ms)
			InitializePlatformSupportModulesInManaged (42ms)
			SetLoadedEditorAssemblies (4ms)
			RefreshPlugins (0ms)
			BeforeProcessingInitializeOnLoad (63ms)
			ProcessInitializeOnLoadAttributes (274ms)
			ProcessInitializeOnLoadMethodAttributes (30ms)
			AfterProcessingInitializeOnLoad (10ms)
			EditorAssembliesLoaded (0ms)
		ExecutionOrderSort2 (0ms)
		AwakeInstancesAfterBackupRestoration (5ms)
Launched and connected shader compiler UnityShaderCompiler.exe after 0.04 seconds
Refreshing native plugins compatible for Editor in 5.86 ms, found 4 plugins.
Preloading 0 native plugins for Editor in 0.00 ms.
Unloading 4036 Unused Serialized files (Serialized files now loaded: 0)
Unloading 71 unused Assets / (245.8 KB). Loaded Objects now: 4493.
Memory consumption went from 149.4 MB to 149.1 MB.
Total: 2.981200 ms (FindLiveObjects: 0.218100 ms CreateObjectMapping: 0.119100 ms MarkObjects: 2.460600 ms  DeleteObjects: 0.182700 ms)

AssetImportParameters requested are different than current active one (requested -> active):
  custom:container-demuxer-ogg: 62fdf1f143b41e24485cea50d1cbac27 -> 
  custom:video-decoder-ogg-theora: a1e56fd34408186e4bbccfd4996cb3dc -> 
  custom:framework-win-MediaFoundation: 216162199b28c13a410421893ffa2e32 -> 
  custom:CustomObjectIndexerAttribute: 9a22284fe3817be447336de3de66b15e -> 
  custom:container-demuxer-webm: 4f35f7cbe854078d1ac9338744f61a02 -> 
  custom:container-muxer-webm: aa71ff27fc2769a1b78a27578f13a17b -> 
  custom:video-decoder-webm-vp8: 9c59270c3fd7afecdb556c50c9e8de78 -> 
  custom:SearchIndexIgnoredProperties: e643bd26f0fe6173181afceb89e7c659 -> 
  custom:AudioImporter_EditorPlatform: d09bf68614088b80899f8185d706f6e7 -> 
  custom:video-encoder-webm-vp8: eb34c28f22e8b96e1ab97ce403110664 -> 
  custom:audio-decoder-ogg-vorbis: bf7c407c2cedff20999df2af8eb42d56 -> 
  custom:audio-encoder-webm-vorbis: bf7c407c2cedff20999df2af8eb42d56 -> 
========================================================================
Received Import Request.
  Time since last request: 958009.127856 seconds.
  path: Assets/Resource/kenney_pixel-platformer/Tilemap
  artifactKey: Guid(13846853ed834464d90ef9d1d5689268) Importer(815301076,1909f56bfc062723c751e8b465ee728b)
Start importing Assets/Resource/kenney_pixel-platformer/Tilemap using Guid(13846853ed834464d90ef9d1d5689268) Importer(815301076,1909f56bfc062723c751e8b465ee728b)  -> (artifact id: '1989f7bbd94db299af813d66cdcb723f') in 0.002220 seconds
Number of updated asset objects reloaded before import = 0
Number of asset objects unloaded after import = 0
========================================================================
Received Import Request.
  Time since last request: 2.408257 seconds.
  path: Assets/Resource/kenney_pixel-platformer/Tilemap/tilemap.png
  artifactKey: Guid(95f7972bd3515b8489724b94b6c80235) Importer(815301076,1909f56bfc062723c751e8b465ee728b)
Start importing Assets/Resource/kenney_pixel-platformer/Tilemap/tilemap.png using Guid(95f7972bd3515b8489724b94b6c80235) Importer(815301076,1909f56bfc062723c751e8b465ee728b)  -> (artifact id: '4a56a23cb41d4a623f2fc8b97e79325f') in 0.068266 seconds
Number of updated asset objects reloaded before import = 0
Number of asset objects unloaded after import = 3
========================================================================
Received Import Request.
  Time since last request: 2.588127 seconds.
  path: Assets/Resource/kenney_pixel-platformer/Tilemap/tilemap-backgrounds_packed.png
  artifactKey: Guid(39615f335e9e56e49981f711c0ac5fc5) Importer(815301076,1909f56bfc062723c751e8b465ee728b)
Start importing Assets/Resource/kenney_pixel-platformer/Tilemap/tilemap-backgrounds_packed.png using Guid(39615f335e9e56e49981f711c0ac5fc5) Importer(815301076,1909f56bfc062723c751e8b465ee728b)  -> (artifact id: '3d5cafce6dad15265990acc37b45abcb') in 0.012077 seconds
Number of updated asset objects reloaded before import = 0
Number of asset objects unloaded after import = 3
========================================================================
Received Import Request.
  Time since last request: 438.878029 seconds.
  path: Assets/Resource/Tiny RPG Character Asset Pack v1.03 -Full 20 Characters/Characters(100x100)/Archer/Archer/Archer.png
  artifactKey: Guid(54c0ad4aef73f4e439102836a0e66267) Importer(815301076,1909f56bfc062723c751e8b465ee728b)
Start importing Assets/Resource/Tiny RPG Character Asset Pack v1.03 -Full 20 Characters/Characters(100x100)/Archer/Archer/Archer.png using Guid(54c0ad4aef73f4e439102836a0e66267) Importer(815301076,1909f56bfc062723c751e8b465ee728b)  -> (artifact id: '6df5afe84afa450955d34fa0bc2f8a60') in 0.014646 seconds
Number of updated asset objects reloaded before import = 0
Number of asset objects unloaded after import = 3
========================================================================
Received Import Request.
  Time since last request: 0.009338 seconds.
  path: Assets/Resource/Tiny RPG Character Asset Pack v1.03 -Full 20 Characters/Characters(100x100)/Archer/Archer with shadows/Archer.png
  artifactKey: Guid(2efc2c444b33402448e8d52bf715f778) Importer(815301076,1909f56bfc062723c751e8b465ee728b)
Start importing Assets/Resource/Tiny RPG Character Asset Pack v1.03 -Full 20 Characters/Characters(100x100)/Archer/Archer with shadows/Archer.png using Guid(2efc2c444b33402448e8d52bf715f778) Importer(815301076,1909f56bfc062723c751e8b465ee728b)  -> (artifact id: '21ab9126661bf65cfbd0d55b835e6dba') in 0.016684 seconds
Number of updated asset objects reloaded before import = 0
Number of asset objects unloaded after import = 3
========================================================================
Received Import Request.
  Time since last request: 0.001806 seconds.
  path: Assets/Resource/Tiny RPG Character Asset Pack v1.03 -Full 20 Characters/Characters(100x100)/Archer/Archer(Split Effects)/Archer.png
  artifactKey: Guid(c467bf07dc7ae7e4db27598abf28d0be) Importer(815301076,1909f56bfc062723c751e8b465ee728b)
Start importing Assets/Resource/Tiny RPG Character Asset Pack v1.03 -Full 20 Characters/Characters(100x100)/Archer/Archer(Split Effects)/Archer.png using Guid(c467bf07dc7ae7e4db27598abf28d0be) Importer(815301076,1909f56bfc062723c751e8b465ee728b)  -> (artifact id: 'e9b34d398a1fecbbd1996b8f066b8ee0') in 0.014651 seconds
Number of updated asset objects reloaded before import = 0
Number of asset objects unloaded after import = 3
========================================================================
Received Import Request.
  Time since last request: 0.011989 seconds.
  path: Assets/Resource/Tiny RPG Character Asset Pack v1.03 -Full 20 Characters/Characters(100x100)/Archer/Archer/Archer-Attack01.png
  artifactKey: Guid(1b5bc441fa83d534dbce26cf11aa1b58) Importer(815301076,1909f56bfc062723c751e8b465ee728b)
Start importing Assets/Resource/Tiny RPG Character Asset Pack v1.03 -Full 20 Characters/Characters(100x100)/Archer/Archer/Archer-Attack01.png using Guid(1b5bc441fa83d534dbce26cf11aa1b58) Importer(815301076,1909f56bfc062723c751e8b465ee728b)  -> (artifact id: '8017de140ff1718a166ad6a86bec420c') in 0.010780 seconds
Number of updated asset objects reloaded before import = 0
Number of asset objects unloaded after import = 3
========================================================================
Received Import Request.
  Time since last request: 0.002606 seconds.
  path: Assets/Resource/Tiny RPG Character Asset Pack v1.03 -Full 20 Characters/Characters(100x100)/Archer/Archer(Split Effects)/Archer-Attack01_Effect.png
  artifactKey: Guid(27e7912538a4cf940a4cd5b3be6ac66d) Importer(815301076,1909f56bfc062723c751e8b465ee728b)
Start importing Assets/Resource/Tiny RPG Character Asset Pack v1.03 -Full 20 Characters/Characters(100x100)/Archer/Archer(Split Effects)/Archer-Attack01_Effect.png using Guid(27e7912538a4cf940a4cd5b3be6ac66d) Importer(815301076,1909f56bfc062723c751e8b465ee728b)  -> (artifact id: 'c2eb44e55baeb8ee604f519b7a0dbfdb') in 0.009611 seconds
Number of updated asset objects reloaded before import = 0
Number of asset objects unloaded after import = 3
========================================================================
Received Import Request.
  Time since last request: 0.008798 seconds.
  path: Assets/Resource/Tiny RPG Character Asset Pack v1.03 -Full 20 Characters/Characters(100x100)/Archer/Archer/Archer-Attack02.png
  artifactKey: Guid(553d73ab615985d4a8033074a1f4e9a6) Importer(815301076,1909f56bfc062723c751e8b465ee728b)
Start importing Assets/Resource/Tiny RPG Character Asset Pack v1.03 -Full 20 Characters/Characters(100x100)/Archer/Archer/Archer-Attack02.png using Guid(553d73ab615985d4a8033074a1f4e9a6) Importer(815301076,1909f56bfc062723c751e8b465ee728b)  -> (artifact id: 'cd9c1f495376571ced566876e3c12bf3') in 0.016794 seconds
Number of updated asset objects reloaded before import = 0
Number of asset objects unloaded after import = 3
========================================================================
Received Import Request.
  Time since last request: 1.359803 seconds.
  path: Assets/Resource/Tiny RPG Character Asset Pack v1.03 -Full 20 Characters/Characters(100x100)/Archer/Archer(Split Effects)/Archer-Attack02_Effect.png
  artifactKey: Guid(4d4a68d4b56ef1642b74935c63e51fbf) Importer(815301076,1909f56bfc062723c751e8b465ee728b)
Start importing Assets/Resource/Tiny RPG Character Asset Pack v1.03 -Full 20 Characters/Characters(100x100)/Archer/Archer(Split Effects)/Archer-Attack02_Effect.png using Guid(4d4a68d4b56ef1642b74935c63e51fbf) Importer(815301076,1909f56bfc062723c751e8b465ee728b)  -> (artifact id: '4893d4e54f07a66f1ebf9ce33a44ed5c') in 0.011209 seconds
Number of updated asset objects reloaded before import = 0
Number of asset objects unloaded after import = 3
========================================================================
Received Import Request.
  Time since last request: 0.001489 seconds.
  path: Assets/Resource/Tiny RPG Character Asset Pack v1.03 -Full 20 Characters/Aseprite file/Archer.aseprite
  artifactKey: Guid(c264db8f30cedd841a4ba60066269047) Importer(815301076,1909f56bfc062723c751e8b465ee728b)
Start importing Assets/Resource/Tiny RPG Character Asset Pack v1.03 -Full 20 Characters/Aseprite file/Archer.aseprite using Guid(c264db8f30cedd841a4ba60066269047) Importer(815301076,1909f56bfc062723c751e8b465ee728b)  -> (artifact id: 'df6dc4f7316131a83c7d127dcd7bb4eb') in 0.184512 seconds
Number of updated asset objects reloaded before import = 0
Number of asset objects unloaded after import = 64
========================================================================
Received Import Request.
  Time since last request: 6.595126 seconds.
  path: Assets/Resource/Tiny RPG Character Asset Pack v1.03 -Full 20 Characters/Characters(100x100)/Archer/Archer/Archer-Death.png
  artifactKey: Guid(ff7219e8f4e59e146be27692ca2122bd) Importer(815301076,1909f56bfc062723c751e8b465ee728b)
Start importing Assets/Resource/Tiny RPG Character Asset Pack v1.03 -Full 20 Characters/Characters(100x100)/Archer/Archer/Archer-Death.png using Guid(ff7219e8f4e59e146be27692ca2122bd) Importer(815301076,1909f56bfc062723c751e8b465ee728b)  -> (artifact id: '6b30a2c28075cc336683f6f6d483458a') in 0.017628 seconds
Number of updated asset objects reloaded before import = 0
Number of asset objects unloaded after import = 3
========================================================================
Received Import Request.
  Time since last request: 0.000900 seconds.
  path: Assets/Resource/Tiny RPG Character Asset Pack v1.03 -Full 20 Characters/Characters(100x100)/Archer/Archer with shadows/Archer-Death.png
  artifactKey: Guid(ee831eb39b124674fa9960719d5be0ba) Importer(815301076,1909f56bfc062723c751e8b465ee728b)
Start importing Assets/Resource/Tiny RPG Character Asset Pack v1.03 -Full 20 Characters/Characters(100x100)/Archer/Archer with shadows/Archer-Death.png using Guid(ee831eb39b124674fa9960719d5be0ba) Importer(815301076,1909f56bfc062723c751e8b465ee728b)  -> (artifact id: '4622900cfc3d28f08da24e46e1a609c8') in 0.009043 seconds
Number of updated asset objects reloaded before import = 0
Number of asset objects unloaded after import = 3
========================================================================
Received Import Request.
  Time since last request: 0.000927 seconds.
  path: Assets/Resource/Tiny RPG Character Asset Pack v1.03 -Full 20 Characters/Characters(100x100)/Archer/Archer/Archer-Hurt.png
  artifactKey: Guid(9d29570fec791df4f9891bae32ba8568) Importer(815301076,1909f56bfc062723c751e8b465ee728b)
Start importing Assets/Resource/Tiny RPG Character Asset Pack v1.03 -Full 20 Characters/Characters(100x100)/Archer/Archer/Archer-Hurt.png using Guid(9d29570fec791df4f9891bae32ba8568) Importer(815301076,1909f56bfc062723c751e8b465ee728b)  -> (artifact id: '3e7cdc6dafca5a048b8ee6610d5924fd') in 0.013414 seconds
Number of updated asset objects reloaded before import = 0
Number of asset objects unloaded after import = 3
========================================================================
Received Import Request.
  Time since last request: 0.003520 seconds.
  path: Assets/Resource/Tiny RPG Character Asset Pack v1.03 -Full 20 Characters/Characters(100x100)/Archer/Archer with shadows/Archer-Hurt.png
  artifactKey: Guid(9d7a566c9e3e34049930efe0f4cad777) Importer(815301076,1909f56bfc062723c751e8b465ee728b)
Start importing Assets/Resource/Tiny RPG Character Asset Pack v1.03 -Full 20 Characters/Characters(100x100)/Archer/Archer with shadows/Archer-Hurt.png using Guid(9d7a566c9e3e34049930efe0f4cad777) Importer(815301076,1909f56bfc062723c751e8b465ee728b)  -> (artifact id: '557824b83fed414480d290c3039f2ddf') in 0.009323 seconds
Number of updated asset objects reloaded before import = 0
Number of asset objects unloaded after import = 3
========================================================================
Received Import Request.
  Time since last request: 0.000116 seconds.
  path: Assets/Resource/Tiny RPG Character Asset Pack v1.03 -Full 20 Characters/Characters(100x100)/Archer/Archer/Archer-Idle.png
  artifactKey: Guid(7c7615f84e98e2e4ab2b42d20a52d720) Importer(815301076,1909f56bfc062723c751e8b465ee728b)
Start importing Assets/Resource/Tiny RPG Character Asset Pack v1.03 -Full 20 Characters/Characters(100x100)/Archer/Archer/Archer-Idle.png using Guid(7c7615f84e98e2e4ab2b42d20a52d720) Importer(815301076,1909f56bfc062723c751e8b465ee728b)  -> (artifact id: '248ecbdd753fe7072ac722a89e7a57c0') in 0.025068 seconds
Number of updated asset objects reloaded before import = 0
Number of asset objects unloaded after import = 3
========================================================================
Received Import Request.
  Time since last request: 0.000947 seconds.
  path: Assets/Resource/Tiny RPG Character Asset Pack v1.03 -Full 20 Characters/Characters(100x100)/Archer/Archer with shadows/Archer-Idle.png
  artifactKey: Guid(14684c0fc4dde674bab4bafc7d281764) Importer(815301076,1909f56bfc062723c751e8b465ee728b)
Start importing Assets/Resource/Tiny RPG Character Asset Pack v1.03 -Full 20 Characters/Characters(100x100)/Archer/Archer with shadows/Archer-Idle.png using Guid(14684c0fc4dde674bab4bafc7d281764) Importer(815301076,1909f56bfc062723c751e8b465ee728b)  -> (artifact id: '5b31300c1182c5a46064d6ff1a514aff') in 0.009179 seconds
Number of updated asset objects reloaded before import = 0
Number of asset objects unloaded after import = 3
========================================================================
Received Import Request.
  Time since last request: 0.264850 seconds.
  path: Assets/Resource/Tiny RPG Character Asset Pack v1.03 -Full 20 Characters/Characters(100x100)/Archer/Archer/Shadow sprites/Archer-Shadow_death.png
  artifactKey: Guid(076ce69f5ab59574db1f8d181ccc123b) Importer(815301076,1909f56bfc062723c751e8b465ee728b)
Start importing Assets/Resource/Tiny RPG Character Asset Pack v1.03 -Full 20 Characters/Characters(100x100)/Archer/Archer/Shadow sprites/Archer-Shadow_death.png using Guid(076ce69f5ab59574db1f8d181ccc123b) Importer(815301076,1909f56bfc062723c751e8b465ee728b)  -> (artifact id: '7c7e6e18b43eb510352acf4da47f2aef') in 0.013543 seconds
Number of updated asset objects reloaded before import = 0
Number of asset objects unloaded after import = 3
========================================================================
Received Import Request.
  Time since last request: 0.030324 seconds.
  path: Assets/Resource/Tiny RPG Character Asset Pack v1.03 -Full 20 Characters/Characters(100x100)/Archer/Archer with shadows/Archer-Walk.png
  artifactKey: Guid(dc8dba2871f95d7498e47d8b560f96e8) Importer(815301076,1909f56bfc062723c751e8b465ee728b)
Start importing Assets/Resource/Tiny RPG Character Asset Pack v1.03 -Full 20 Characters/Characters(100x100)/Archer/Archer with shadows/Archer-Walk.png using Guid(dc8dba2871f95d7498e47d8b560f96e8) Importer(815301076,1909f56bfc062723c751e8b465ee728b)  -> (artifact id: 'b648a4d8c435819925221fbc182d0de0') in 0.014706 seconds
Number of updated asset objects reloaded before import = 0
Number of asset objects unloaded after import = 3
========================================================================
Received Import Request.
  Time since last request: 0.839053 seconds.
  path: Assets/Resource/Tiny RPG Character Asset Pack v1.03 -Full 20 Characters/Characters(100x100)/Armored Axeman/Armored Axeman(Split Effects)/Armored Axeman.png
  artifactKey: Guid(4ab6768aef7f6144d8bdc8925f4887c2) Importer(815301076,1909f56bfc062723c751e8b465ee728b)
Start importing Assets/Resource/Tiny RPG Character Asset Pack v1.03 -Full 20 Characters/Characters(100x100)/Armored Axeman/Armored Axeman(Split Effects)/Armored Axeman.png using Guid(4ab6768aef7f6144d8bdc8925f4887c2) Importer(815301076,1909f56bfc062723c751e8b465ee728b)  -> (artifact id: '909cd340a5e505666093a15542c6af38') in 0.016479 seconds
Number of updated asset objects reloaded before import = 0
Number of asset objects unloaded after import = 3
========================================================================
Received Import Request.
  Time since last request: 0.010994 seconds.
  path: Assets/Resource/Tiny RPG Character Asset Pack v1.03 -Full 20 Characters/Characters(100x100)/Armored Axeman/Armored Axeman with shadows/Armored Axeman.png
  artifactKey: Guid(1ccfcb96229b2254bad48def8eaafdb2) Importer(815301076,1909f56bfc062723c751e8b465ee728b)
Start importing Assets/Resource/Tiny RPG Character Asset Pack v1.03 -Full 20 Characters/Characters(100x100)/Armored Axeman/Armored Axeman with shadows/Armored Axeman.png using Guid(1ccfcb96229b2254bad48def8eaafdb2) Importer(815301076,1909f56bfc062723c751e8b465ee728b)  -> (artifact id: '0902f45930a1be5d3c9623f43875bfc4') in 0.013909 seconds
Number of updated asset objects reloaded before import = 0
Number of asset objects unloaded after import = 3
========================================================================
Received Import Request.
  Time since last request: 0.030585 seconds.
  path: Assets/Resource/Tiny RPG Character Asset Pack v1.03 -Full 20 Characters/Aseprite file/Armored Orc.aseprite
  artifactKey: Guid(1bbd76425b33f24469af7110dc4d3bc6) Importer(815301076,1909f56bfc062723c751e8b465ee728b)
Start importing Assets/Resource/Tiny RPG Character Asset Pack v1.03 -Full 20 Characters/Aseprite file/Armored Orc.aseprite using Guid(1bbd76425b33f24469af7110dc4d3bc6) Importer(815301076,1909f56bfc062723c751e8b465ee728b)  -> (artifact id: '8f4f18382ad988513db007f166eb8c73') in 0.139270 seconds
Number of updated asset objects reloaded before import = 0
Number of asset objects unloaded after import = 75
========================================================================
Received Import Request.
  Time since last request: 0.000014 seconds.
  path: Assets/Resource/Tiny RPG Character Asset Pack v1.03 -Full 20 Characters/Characters(100x100)/Elite Orc/Elite Orc/Elite Orc-Attack02.png
  artifactKey: Guid(cd116a9fc7b178848b289bb2c343adbe) Importer(815301076,1909f56bfc062723c751e8b465ee728b)
Start importing Assets/Resource/Tiny RPG Character Asset Pack v1.03 -Full 20 Characters/Characters(100x100)/Elite Orc/Elite Orc/Elite Orc-Attack02.png using Guid(cd116a9fc7b178848b289bb2c343adbe) Importer(815301076,1909f56bfc062723c751e8b465ee728b)  -> (artifact id: '385063b0cbe6f3e95d4b5f19e8b02abd') in 0.010764 seconds
Number of updated asset objects reloaded before import = 0
Number of asset objects unloaded after import = 3
========================================================================
Received Import Request.
  Time since last request: 0.000015 seconds.
  path: Assets/Resource/Tiny RPG Character Asset Pack v1.03 -Full 20 Characters/Characters(100x100)/Armored Skeleton/Armored Skeleton/Armored Skeleton-Attack01.png
  artifactKey: Guid(4737535bffa872840a953e3e6cc3e82c) Importer(815301076,1909f56bfc062723c751e8b465ee728b)
Start importing Assets/Resource/Tiny RPG Character Asset Pack v1.03 -Full 20 Characters/Characters(100x100)/Armored Skeleton/Armored Skeleton/Armored Skeleton-Attack01.png using Guid(4737535bffa872840a953e3e6cc3e82c) Importer(815301076,1909f56bfc062723c751e8b465ee728b)  -> (artifact id: '182e1d63bbe74ef15f3ce6678693e6d1') in 0.009925 seconds
Number of updated asset objects reloaded before import = 0
Number of asset objects unloaded after import = 3
========================================================================
Received Import Request.
  Time since last request: 0.000490 seconds.
  path: Assets/Resource/Tiny RPG Character Asset Pack v1.03 -Full 20 Characters/Characters(100x100)/Elite Orc/Elite Orc(Split Effects)/Elite Orc-Attack03_Effect.png
  artifactKey: Guid(9a05639cbce66bc48a4c1768c3dee383) Importer(815301076,1909f56bfc062723c751e8b465ee728b)
Start importing Assets/Resource/Tiny RPG Character Asset Pack v1.03 -Full 20 Characters/Characters(100x100)/Elite Orc/Elite Orc(Split Effects)/Elite Orc-Attack03_Effect.png using Guid(9a05639cbce66bc48a4c1768c3dee383) Importer(815301076,1909f56bfc062723c751e8b465ee728b)  -> (artifact id: 'c5e80397ff4700df4f7b44d8f383cab9') in 0.008679 seconds
Number of updated asset objects reloaded before import = 0
Number of asset objects unloaded after import = 3
========================================================================
Received Import Request.
  Time since last request: 0.083184 seconds.
  path: Assets/Resource/Tiny RPG Character Asset Pack v1.03 -Full 20 Characters/Arrow(Projectile)/Arrow03(32x32).png
  artifactKey: Guid(556dd2788a81af647bb00b18adaac148) Importer(815301076,1909f56bfc062723c751e8b465ee728b)
Start importing Assets/Resource/Tiny RPG Character Asset Pack v1.03 -Full 20 Characters/Arrow(Projectile)/Arrow03(32x32).png using Guid(556dd2788a81af647bb00b18adaac148) Importer(815301076,1909f56bfc062723c751e8b465ee728b)  -> (artifact id: '2813857cafd2b2e1b4640f129b19d33d') in 0.014405 seconds
Number of updated asset objects reloaded before import = 0
Number of asset objects unloaded after import = 3
========================================================================
Received Import Request.
  Time since last request: 0.000015 seconds.
  path: Assets/Resource/Tiny RPG Character Asset Pack v1.03 -Full 20 Characters/Characters(100x100)/Skeleton Archer/Arrow(projectile)/Arrow03(100x100).png
  artifactKey: Guid(2962d9579878b764d8cfa76a62629693) Importer(815301076,1909f56bfc062723c751e8b465ee728b)
Start importing Assets/Resource/Tiny RPG Character Asset Pack v1.03 -Full 20 Characters/Characters(100x100)/Skeleton Archer/Arrow(projectile)/Arrow03(100x100).png using Guid(2962d9579878b764d8cfa76a62629693) Importer(815301076,1909f56bfc062723c751e8b465ee728b)  -> (artifact id: '6d7b22366ba2365d391903429a6c3a70') in 0.012431 seconds
Number of updated asset objects reloaded before import = 0
Number of asset objects unloaded after import = 3
========================================================================
Received Import Request.
  Time since last request: 0.000008 seconds.
  path: Assets/Resource/Tiny RPG Character Asset Pack v1.03 -Full 20 Characters/Characters(100x100)/Elite Orc/Elite Orc/Elite Orc.png
  artifactKey: Guid(d460a28423f1dbc41b8b9e270a5d65c5) Importer(815301076,1909f56bfc062723c751e8b465ee728b)
Start importing Assets/Resource/Tiny RPG Character Asset Pack v1.03 -Full 20 Characters/Characters(100x100)/Elite Orc/Elite Orc/Elite Orc.png using Guid(d460a28423f1dbc41b8b9e270a5d65c5) Importer(815301076,1909f56bfc062723c751e8b465ee728b)  -> (artifact id: 'e1f677e610a18069d97c7a2246f65bdd') in 0.011325 seconds
Number of updated asset objects reloaded before import = 0
Number of asset objects unloaded after import = 3
========================================================================
Received Import Request.
  Time since last request: 0.002275 seconds.
  path: Assets/Resource/Tiny RPG Character Asset Pack v1.03 -Full 20 Characters/Characters(100x100)/Elite Orc/Elite Orc with shadows/Elite Orc.png
  artifactKey: Guid(3e3e5342bc01b66419ecccfb2b7d5963) Importer(815301076,1909f56bfc062723c751e8b465ee728b)
Start importing Assets/Resource/Tiny RPG Character Asset Pack v1.03 -Full 20 Characters/Characters(100x100)/Elite Orc/Elite Orc with shadows/Elite Orc.png using Guid(3e3e5342bc01b66419ecccfb2b7d5963) Importer(815301076,1909f56bfc062723c751e8b465ee728b)  -> (artifact id: 'f3346211ea7e1eaebce4dfac9b92d1b1') in 0.014000 seconds
Number of updated asset objects reloaded before import = 0
Number of asset objects unloaded after import = 3
========================================================================
Received Import Request.
  Time since last request: 0.009262 seconds.
  path: Assets/Resource/Tiny RPG Character Asset Pack v1.03 -Full 20 Characters/Characters(100x100)/Armored Axeman/Armored Axeman/Armored Axeman-Attack01.png
  artifactKey: Guid(224125bb19eca1a4d93f978ae1f82eed) Importer(815301076,1909f56bfc062723c751e8b465ee728b)
Start importing Assets/Resource/Tiny RPG Character Asset Pack v1.03 -Full 20 Characters/Characters(100x100)/Armored Axeman/Armored Axeman/Armored Axeman-Attack01.png using Guid(224125bb19eca1a4d93f978ae1f82eed) Importer(815301076,1909f56bfc062723c751e8b465ee728b)  -> (artifact id: '7f0715e3962225d0dd44bb2cf895aa3a') in 0.009245 seconds
Number of updated asset objects reloaded before import = 0
Number of asset objects unloaded after import = 3
========================================================================
Received Import Request.
  Time since last request: 0.012230 seconds.
  path: Assets/Resource/Tiny RPG Character Asset Pack v1.03 -Full 20 Characters/Characters(100x100)/Armored Axeman/Armored Axeman(Split Effects)/Armored Axeman-Attack01_Effect.png
  artifactKey: Guid(0375b3d207dd7b747afa9f35a7942245) Importer(815301076,1909f56bfc062723c751e8b465ee728b)
Start importing Assets/Resource/Tiny RPG Character Asset Pack v1.03 -Full 20 Characters/Characters(100x100)/Armored Axeman/Armored Axeman(Split Effects)/Armored Axeman-Attack01_Effect.png using Guid(0375b3d207dd7b747afa9f35a7942245) Importer(815301076,1909f56bfc062723c751e8b465ee728b)  -> (artifact id: '00888586bb35dba0dde459cf6771198e') in 0.008904 seconds
Number of updated asset objects reloaded before import = 0
Number of asset objects unloaded after import = 3
========================================================================
Received Import Request.
  Time since last request: 0.000482 seconds.
  path: Assets/Resource/Tiny RPG Character Asset Pack v1.03 -Full 20 Characters/Characters(100x100)/Armored Axeman/Armored Axeman/Armored Axeman-Attack02.png
  artifactKey: Guid(22b0b2141b600ee41a95c345471b186f) Importer(815301076,1909f56bfc062723c751e8b465ee728b)
Start importing Assets/Resource/Tiny RPG Character Asset Pack v1.03 -Full 20 Characters/Characters(100x100)/Armored Axeman/Armored Axeman/Armored Axeman-Attack02.png using Guid(22b0b2141b600ee41a95c345471b186f) Importer(815301076,1909f56bfc062723c751e8b465ee728b)  -> (artifact id: 'f8441ff1e4b5dfb95163d4ef503260cd') in 0.009964 seconds
Number of updated asset objects reloaded before import = 0
Number of asset objects unloaded after import = 3
========================================================================
Received Import Request.
  Time since last request: 0.001432 seconds.
  path: Assets/Resource/Tiny RPG Character Asset Pack v1.03 -Full 20 Characters/Characters(100x100)/Armored Axeman/Armored Axeman(Split Effects)/Armored Axeman-Attack02_Effect.png
  artifactKey: Guid(19dd66d8a9064b547a1bb3bbf240c0ea) Importer(815301076,1909f56bfc062723c751e8b465ee728b)
Start importing Assets/Resource/Tiny RPG Character Asset Pack v1.03 -Full 20 Characters/Characters(100x100)/Armored Axeman/Armored Axeman(Split Effects)/Armored Axeman-Attack02_Effect.png using Guid(19dd66d8a9064b547a1bb3bbf240c0ea) Importer(815301076,1909f56bfc062723c751e8b465ee728b)  -> (artifact id: '37e254ca24e578d4716756c7063695c9') in 0.008466 seconds
Number of updated asset objects reloaded before import = 0
Number of asset objects unloaded after import = 3
========================================================================
Received Import Request.
  Time since last request: 0.003821 seconds.
  path: Assets/Resource/Tiny RPG Character Asset Pack v1.03 -Full 20 Characters/Characters(100x100)/Armored Axeman/Armored Axeman/Armored Axeman-Attack03.png
  artifactKey: Guid(023fd4f734ca6894d94d14a3a8089345) Importer(815301076,1909f56bfc062723c751e8b465ee728b)
Start importing Assets/Resource/Tiny RPG Character Asset Pack v1.03 -Full 20 Characters/Characters(100x100)/Armored Axeman/Armored Axeman/Armored Axeman-Attack03.png using Guid(023fd4f734ca6894d94d14a3a8089345) Importer(815301076,1909f56bfc062723c751e8b465ee728b)  -> (artifact id: 'a61636bedd2ea7cb03450655b5df7f1f') in 0.009375 seconds
Number of updated asset objects reloaded before import = 0
Number of asset objects unloaded after import = 3
========================================================================
Received Import Request.
  Time since last request: 0.863958 seconds.
  path: Assets/Resource/Tiny RPG Character Asset Pack v1.03 -Full 20 Characters/Characters(100x100)/Armored Axeman/Armored Axeman/Armored Axeman-Death.png
  artifactKey: Guid(2f04b3bc8825f0f4e889f237c14cb499) Importer(815301076,1909f56bfc062723c751e8b465ee728b)
Start importing Assets/Resource/Tiny RPG Character Asset Pack v1.03 -Full 20 Characters/Characters(100x100)/Armored Axeman/Armored Axeman/Armored Axeman-Death.png using Guid(2f04b3bc8825f0f4e889f237c14cb499) Importer(815301076,1909f56bfc062723c751e8b465ee728b)  -> (artifact id: '3f0551b252b9772cee57f44ae2286a52') in 0.009488 seconds
Number of updated asset objects reloaded before import = 0
Number of asset objects unloaded after import = 3
========================================================================
Received Import Request.
  Time since last request: 0.000011 seconds.
  path: Assets/Resource/Tiny RPG Character Asset Pack v1.03 -Full 20 Characters/Characters(100x100)/Armored Axeman/Armored Axeman with shadows/Armored Axeman-Hurt.png
  artifactKey: Guid(e39422e8aedb72743a9c76d3d10ad40e) Importer(815301076,1909f56bfc062723c751e8b465ee728b)
Start importing Assets/Resource/Tiny RPG Character Asset Pack v1.03 -Full 20 Characters/Characters(100x100)/Armored Axeman/Armored Axeman with shadows/Armored Axeman-Hurt.png using Guid(e39422e8aedb72743a9c76d3d10ad40e) Importer(815301076,1909f56bfc062723c751e8b465ee728b)  -> (artifact id: '003cd10a0a97dac94da298909118ae4c') in 0.007475 seconds
Number of updated asset objects reloaded before import = 0
Number of asset objects unloaded after import = 3
========================================================================
Received Import Request.
  Time since last request: 0.003535 seconds.
  path: Assets/Resource/Tiny RPG Character Asset Pack v1.03 -Full 20 Characters/Characters(100x100)/Armored Axeman/Armored Axeman/Armored Axeman-Hurt.png
  artifactKey: Guid(a1dae567ff28eed4d8567db6bb16d60d) Importer(815301076,1909f56bfc062723c751e8b465ee728b)
Start importing Assets/Resource/Tiny RPG Character Asset Pack v1.03 -Full 20 Characters/Characters(100x100)/Armored Axeman/Armored Axeman/Armored Axeman-Hurt.png using Guid(a1dae567ff28eed4d8567db6bb16d60d) Importer(815301076,1909f56bfc062723c751e8b465ee728b)  -> (artifact id: '57724205dd56187677f314ab9bae8e7a') in 0.008315 seconds
Number of updated asset objects reloaded before import = 0
Number of asset objects unloaded after import = 3
========================================================================
Received Import Request.
  Time since last request: 0.010719 seconds.
  path: Assets/Resource/Tiny RPG Character Asset Pack v1.03 -Full 20 Characters/Characters(100x100)/Armored Axeman/Armored Axeman/Armored Axeman-Idle.png
  artifactKey: Guid(f7850865f4275e048b5b05c1167c648c) Importer(815301076,1909f56bfc062723c751e8b465ee728b)
Start importing Assets/Resource/Tiny RPG Character Asset Pack v1.03 -Full 20 Characters/Characters(100x100)/Armored Axeman/Armored Axeman/Armored Axeman-Idle.png using Guid(f7850865f4275e048b5b05c1167c648c) Importer(815301076,1909f56bfc062723c751e8b465ee728b)  -> (artifact id: '0df74e6d760fe3737a4db0636abf7de6') in 0.007780 seconds
Number of updated asset objects reloaded before import = 0
Number of asset objects unloaded after import = 3
========================================================================
Received Import Request.
  Time since last request: 0.006750 seconds.
  path: Assets/Resource/Tiny RPG Character Asset Pack v1.03 -Full 20 Characters/Characters(100x100)/Armored Axeman/Armored Axeman/Shadow sprites/Armored Axeman-Shadow.png
  artifactKey: Guid(4c101b642ec9fc7448ab28c867453623) Importer(815301076,1909f56bfc062723c751e8b465ee728b)
Start importing Assets/Resource/Tiny RPG Character Asset Pack v1.03 -Full 20 Characters/Characters(100x100)/Armored Axeman/Armored Axeman/Shadow sprites/Armored Axeman-Shadow.png using Guid(4c101b642ec9fc7448ab28c867453623) Importer(815301076,1909f56bfc062723c751e8b465ee728b)  -> (artifact id: 'ee8db0c038566175ced4c867e6cd52eb') in 0.004297 seconds
Number of updated asset objects reloaded before import = 0
Number of asset objects unloaded after import = 3
========================================================================
Received Import Request.
  Time since last request: 0.004066 seconds.
  path: Assets/Resource/Tiny RPG Character Asset Pack v1.03 -Full 20 Characters/Characters(100x100)/Armored Axeman/Armored Axeman/Shadow sprites/Armored Axeman-Shadow_attack02.png
  artifactKey: Guid(b1dff0e06e91fd843944c262e0828d17) Importer(815301076,1909f56bfc062723c751e8b465ee728b)
Start importing Assets/Resource/Tiny RPG Character Asset Pack v1.03 -Full 20 Characters/Characters(100x100)/Armored Axeman/Armored Axeman/Shadow sprites/Armored Axeman-Shadow_attack02.png using Guid(b1dff0e06e91fd843944c262e0828d17) Importer(815301076,1909f56bfc062723c751e8b465ee728b)  -> (artifact id: '04276781afdb617260cecd36dbbfbbe6') in 0.008478 seconds
Number of updated asset objects reloaded before import = 0
Number of asset objects unloaded after import = 3
========================================================================
Received Import Request.
  Time since last request: 0.015347 seconds.
  path: Assets/Resource/Tiny RPG Character Asset Pack v1.03 -Full 20 Characters/Aseprite file/Armored Axeman.aseprite
  artifactKey: Guid(82a854fc2a2b89f49a7e14477c0a1b5f) Importer(815301076,1909f56bfc062723c751e8b465ee728b)
Start importing Assets/Resource/Tiny RPG Character Asset Pack v1.03 -Full 20 Characters/Aseprite file/Armored Axeman.aseprite using Guid(82a854fc2a2b89f49a7e14477c0a1b5f) Importer(815301076,1909f56bfc062723c751e8b465ee728b)  -> (artifact id: '6a8447d02372bdfc3c4aba8405acfd44') in 0.085794 seconds
Number of updated asset objects reloaded before import = 0
Number of asset objects unloaded after import = 75
========================================================================
Received Import Request.
  Time since last request: 0.130743 seconds.
  path: Assets/Resource/Tiny RPG Character Asset Pack v1.03 -Full 20 Characters/Characters(100x100)/Armored Axeman/Armored Axeman/Shadow sprites/Armored Axeman-Shadow_death.png
  artifactKey: Guid(9528b5212b1e74b46853f09bc8674cc9) Importer(815301076,1909f56bfc062723c751e8b465ee728b)
Start importing Assets/Resource/Tiny RPG Character Asset Pack v1.03 -Full 20 Characters/Characters(100x100)/Armored Axeman/Armored Axeman/Shadow sprites/Armored Axeman-Shadow_death.png using Guid(9528b5212b1e74b46853f09bc8674cc9) Importer(815301076,1909f56bfc062723c751e8b465ee728b)  -> (artifact id: '85c1d41ec4c0700ba6db559717954a7e') in 0.009185 seconds
Number of updated asset objects reloaded before import = 0
Number of asset objects unloaded after import = 3
========================================================================
Received Import Request.
  Time since last request: 0.000013 seconds.
  path: Assets/Resource/Tiny RPG Character Asset Pack v1.03 -Full 20 Characters/Characters(100x100)/Armored Axeman/Armored Axeman/Armored Axeman-Walk.png
  artifactKey: Guid(3c4f097af0ce23c438d6c4f75e90e1d8) Importer(815301076,1909f56bfc062723c751e8b465ee728b)
Start importing Assets/Resource/Tiny RPG Character Asset Pack v1.03 -Full 20 Characters/Characters(100x100)/Armored Axeman/Armored Axeman/Armored Axeman-Walk.png using Guid(3c4f097af0ce23c438d6c4f75e90e1d8) Importer(815301076,1909f56bfc062723c751e8b465ee728b)  -> (artifact id: '8029a12d88190ddd4695de67dfd00592') in 0.009803 seconds
Number of updated asset objects reloaded before import = 0
Number of asset objects unloaded after import = 3
========================================================================
Received Import Request.
  Time since last request: 3.565290 seconds.
  path: Assets/Resource/Tiny RPG Character Asset Pack v1.03 -Full 20 Characters/Characters(100x100)/Knight/Knight(Split Effects)/Knight.png
  artifactKey: Guid(eaafce391ad807f4e85f7a270552723c) Importer(815301076,1909f56bfc062723c751e8b465ee728b)
Start importing Assets/Resource/Tiny RPG Character Asset Pack v1.03 -Full 20 Characters/Characters(100x100)/Knight/Knight(Split Effects)/Knight.png using Guid(eaafce391ad807f4e85f7a270552723c) Importer(815301076,1909f56bfc062723c751e8b465ee728b)  -> (artifact id: 'eeefdb561440e525655c2bcfc9651cde') in 0.021075 seconds
Number of updated asset objects reloaded before import = 0
Number of asset objects unloaded after import = 3
========================================================================
Received Import Request.
  Time since last request: 0.000012 seconds.
  path: Assets/Resource/Tiny RPG Character Asset Pack v1.03 -Full 20 Characters/Characters(100x100)/Knight Templar/Knight Templar(Split Effects)/Knight Templar.png
  artifactKey: Guid(71832b111eb8aff40989a272d4abb6fb) Importer(815301076,1909f56bfc062723c751e8b465ee728b)
Start importing Assets/Resource/Tiny RPG Character Asset Pack v1.03 -Full 20 Characters/Characters(100x100)/Knight Templar/Knight Templar(Split Effects)/Knight Templar.png using Guid(71832b111eb8aff40989a272d4abb6fb) Importer(815301076,1909f56bfc062723c751e8b465ee728b)  -> (artifact id: 'e2c639276df795aa72c8cd9ba7bf8fc4') in 0.025910 seconds
Number of updated asset objects reloaded before import = 0
Number of asset objects unloaded after import = 3
========================================================================
Received Import Request.
  Time since last request: 0.008302 seconds.
  path: Assets/Resource/Tiny RPG Character Asset Pack v1.03 -Full 20 Characters/Characters(100x100)/Knight Templar/Knight Templar/Knight Templar.png
  artifactKey: Guid(c724a9a6fb6458a48bcda5d4447e7149) Importer(815301076,1909f56bfc062723c751e8b465ee728b)
Start importing Assets/Resource/Tiny RPG Character Asset Pack v1.03 -Full 20 Characters/Characters(100x100)/Knight Templar/Knight Templar/Knight Templar.png using Guid(c724a9a6fb6458a48bcda5d4447e7149) Importer(815301076,1909f56bfc062723c751e8b465ee728b)  -> (artifact id: 'c48257a29eb43aa94c472521d1e13b4b') in 0.014534 seconds
Number of updated asset objects reloaded before import = 0
Number of asset objects unloaded after import = 3
========================================================================
Received Import Request.
  Time since last request: 1.596171 seconds.
  path: Assets/Resource/Tiny RPG Character Asset Pack v1.03 -Full 20 Characters/Characters(100x100)/Knight Templar/Knight Templar/Knight Templar-Attack02.png
  artifactKey: Guid(1d18224fac5f6df4ab7aed87c064196e) Importer(815301076,1909f56bfc062723c751e8b465ee728b)
Start importing Assets/Resource/Tiny RPG Character Asset Pack v1.03 -Full 20 Characters/Characters(100x100)/Knight Templar/Knight Templar/Knight Templar-Attack02.png using Guid(1d18224fac5f6df4ab7aed87c064196e) Importer(815301076,1909f56bfc062723c751e8b465ee728b)  -> (artifact id: 'ce24454b058c0e16d0f4d75bb51c1f44') in 0.018502 seconds
Number of updated asset objects reloaded before import = 0
Number of asset objects unloaded after import = 3
========================================================================
Received Import Request.
  Time since last request: 0.019296 seconds.
  path: Assets/Resource/Tiny RPG Character Asset Pack v1.03 -Full 20 Characters/Characters(100x100)/Knight Templar/Knight Templar/Knight Templar-Attack03.png
  artifactKey: Guid(f5fc471cbcc3e4d45a6005aed287fc22) Importer(815301076,1909f56bfc062723c751e8b465ee728b)
Start importing Assets/Resource/Tiny RPG Character Asset Pack v1.03 -Full 20 Characters/Characters(100x100)/Knight Templar/Knight Templar/Knight Templar-Attack03.png using Guid(f5fc471cbcc3e4d45a6005aed287fc22) Importer(815301076,1909f56bfc062723c751e8b465ee728b)  -> (artifact id: '3be51ecbfdfd354309f6da1687f02810') in 0.009126 seconds
Number of updated asset objects reloaded before import = 0
Number of asset objects unloaded after import = 3
========================================================================
Received Import Request.
  Time since last request: 0.041236 seconds.
  path: Assets/Resource/Tiny RPG Character Asset Pack v1.03 -Full 20 Characters/Characters(100x100)/Knight Templar/Knight Templar/Knight Templar-Block.png
  artifactKey: Guid(886a874efebd3914fa41a56f37c0672b) Importer(815301076,1909f56bfc062723c751e8b465ee728b)
Start importing Assets/Resource/Tiny RPG Character Asset Pack v1.03 -Full 20 Characters/Characters(100x100)/Knight Templar/Knight Templar/Knight Templar-Block.png using Guid(886a874efebd3914fa41a56f37c0672b) Importer(815301076,1909f56bfc062723c751e8b465ee728b)  -> (artifact id: '6bceee12f0d87113809319fa17b8a64d') in 0.013074 seconds
Number of updated asset objects reloaded before import = 0
Number of asset objects unloaded after import = 3
========================================================================
Received Import Request.
  Time since last request: 0.798944 seconds.
  path: Assets/Resource/Tiny RPG Character Asset Pack v1.03 -Full 20 Characters/Characters(100x100)/Knight Templar/Knight Templar/Knight Templar-Death.png
  artifactKey: Guid(7c99fc4e98d78684fac6ea0e4968a4c3) Importer(815301076,1909f56bfc062723c751e8b465ee728b)
Start importing Assets/Resource/Tiny RPG Character Asset Pack v1.03 -Full 20 Characters/Characters(100x100)/Knight Templar/Knight Templar/Knight Templar-Death.png using Guid(7c99fc4e98d78684fac6ea0e4968a4c3) Importer(815301076,1909f56bfc062723c751e8b465ee728b)  -> (artifact id: '93c4f1e14b4c6a2052183a172600edea') in 0.013840 seconds
Number of updated asset objects reloaded before import = 0
Number of asset objects unloaded after import = 3
========================================================================
Received Import Request.
  Time since last request: 0.024657 seconds.
  path: Assets/Resource/Tiny RPG Character Asset Pack v1.03 -Full 20 Characters/Characters(100x100)/Knight Templar/Knight Templar/Knight Templar-Hurt.png
  artifactKey: Guid(b00e85ef1c6f28747b07085b2a82e86a) Importer(815301076,1909f56bfc062723c751e8b465ee728b)
Start importing Assets/Resource/Tiny RPG Character Asset Pack v1.03 -Full 20 Characters/Characters(100x100)/Knight Templar/Knight Templar/Knight Templar-Hurt.png using Guid(b00e85ef1c6f28747b07085b2a82e86a) Importer(815301076,1909f56bfc062723c751e8b465ee728b)  -> (artifact id: 'af36129eef8339a76ae054c7ade35392') in 0.016006 seconds
Number of updated asset objects reloaded before import = 0
Number of asset objects unloaded after import = 3
========================================================================
Received Import Request.
  Time since last request: 0.181565 seconds.
  path: Assets/Resource/Tiny RPG Character Asset Pack v1.03 -Full 20 Characters/Characters(100x100)/Knight Templar/Knight Templar/Knight Templar-Idle.png
  artifactKey: Guid(7153a38aa263be84ca923c53d7ca1ff0) Importer(815301076,1909f56bfc062723c751e8b465ee728b)
Start importing Assets/Resource/Tiny RPG Character Asset Pack v1.03 -Full 20 Characters/Characters(100x100)/Knight Templar/Knight Templar/Knight Templar-Idle.png using Guid(7153a38aa263be84ca923c53d7ca1ff0) Importer(815301076,1909f56bfc062723c751e8b465ee728b)  -> (artifact id: '9d443d3ce54d8f26fec554c2efad4416') in 0.016040 seconds
Number of updated asset objects reloaded before import = 0
Number of asset objects unloaded after import = 3
========================================================================
Received Import Request.
  Time since last request: 0.011745 seconds.
  path: Assets/Resource/Tiny RPG Character Asset Pack v1.03 -Full 20 Characters/Characters(100x100)/Knight Templar/Knight Templar/Shadow sprites/Knight Templar-Shadow.png
  artifactKey: Guid(968bad02907fe144eb12f0657df70d49) Importer(815301076,1909f56bfc062723c751e8b465ee728b)
Start importing Assets/Resource/Tiny RPG Character Asset Pack v1.03 -Full 20 Characters/Characters(100x100)/Knight Templar/Knight Templar/Shadow sprites/Knight Templar-Shadow.png using Guid(968bad02907fe144eb12f0657df70d49) Importer(815301076,1909f56bfc062723c751e8b465ee728b)  -> (artifact id: 'd879c0ffc178c27e568aa098db7ba0b3') in 0.015426 seconds
Number of updated asset objects reloaded before import = 0
Number of asset objects unloaded after import = 3
========================================================================
Received Import Request.
  Time since last request: 0.014871 seconds.
  path: Assets/Resource/Tiny RPG Character Asset Pack v1.03 -Full 20 Characters/Characters(100x100)/Knight Templar/Knight Templar with shadows/Knight Templar-Walk01.png
  artifactKey: Guid(1d3d701e96b4f7344a1a572eb886e60f) Importer(815301076,1909f56bfc062723c751e8b465ee728b)
Start importing Assets/Resource/Tiny RPG Character Asset Pack v1.03 -Full 20 Characters/Characters(100x100)/Knight Templar/Knight Templar with shadows/Knight Templar-Walk01.png using Guid(1d3d701e96b4f7344a1a572eb886e60f) Importer(815301076,1909f56bfc062723c751e8b465ee728b)  -> (artifact id: '51af24f4ca606027780573353da743b9') in 0.019986 seconds
Number of updated asset objects reloaded before import = 0
Number of asset objects unloaded after import = 3
========================================================================
Received Import Request.
  Time since last request: 0.000646 seconds.
  path: Assets/Resource/Tiny RPG Character Asset Pack v1.03 -Full 20 Characters/Characters(100x100)/Knight Templar/Knight Templar with shadows/Knight Templar-Walk02.png
  artifactKey: Guid(39f32cf1df0c9314eac2d9fee65ffdff) Importer(815301076,1909f56bfc062723c751e8b465ee728b)
Start importing Assets/Resource/Tiny RPG Character Asset Pack v1.03 -Full 20 Characters/Characters(100x100)/Knight Templar/Knight Templar with shadows/Knight Templar-Walk02.png using Guid(39f32cf1df0c9314eac2d9fee65ffdff) Importer(815301076,1909f56bfc062723c751e8b465ee728b)  -> (artifact id: 'afec9bb7e96fd92c7dfa5a773471b849') in 0.016320 seconds
Number of updated asset objects reloaded before import = 0
Number of asset objects unloaded after import = 3
========================================================================
Received Prepare
Begin MonoManager ReloadAssembly
- Loaded All Assemblies, in  0.408 seconds
Refreshing native plugins compatible for Editor in 4.06 ms, found 4 plugins.
Native extension for WindowsStandalone target not found
Native extension for iOS target not found
Native extension for Android target not found
[Package Manager] Server::EnsureServerProcessIsRunning -- launch failed, reason: Unity was launched with the -noUpm command-line argument
[Package Manager] UpmClient::Send -- Unable to send message (not connected to UPM process).
[Package Manager] Cannot connect to Unity Package Manager local server
Mono: successfully reloaded assembly
- Finished resetting the current domain, in  1.004 seconds
Domain Reload Profiling: 1409ms
	BeginReloadAssembly (142ms)
		ExecutionOrderSort (0ms)
		DisableScriptedObjects (10ms)
		BackupInstance (0ms)
		ReleaseScriptingObjects (0ms)
		CreateAndSetChildDomain (32ms)
	RebuildCommonClasses (30ms)
	RebuildNativeTypeToScriptingClass (9ms)
	initialDomainReloadingComplete (31ms)
	LoadAllAssembliesAndSetupDomain (192ms)
		LoadAssemblies (254ms)
		RebuildTransferFunctionScriptingTraits (0ms)
		AnalyzeDomain (10ms)
			TypeCache.Refresh (4ms)
				TypeCache.ScanAssembly (0ms)
			ScanForSourceGeneratedMonoScriptInfo (0ms)
			ResolveRequiredComponents (5ms)
	FinalizeReload (1004ms)
		ReleaseScriptCaches (0ms)
		RebuildScriptCaches (0ms)
		SetupLoadedEditorAssemblies (420ms)
			LogAssemblyErrors (0ms)
			InitializePlatformSupportModulesInManaged (37ms)
			SetLoadedEditorAssemblies (4ms)
			RefreshPlugins (0ms)
			BeforeProcessingInitializeOnLoad (70ms)
			ProcessInitializeOnLoadAttributes (268ms)
			ProcessInitializeOnLoadMethodAttributes (28ms)
			AfterProcessingInitializeOnLoad (12ms)
			EditorAssembliesLoaded (0ms)
		ExecutionOrderSort2 (0ms)
		AwakeInstancesAfterBackupRestoration (12ms)
Refreshing native plugins compatible for Editor in 5.58 ms, found 4 plugins.
Preloading 0 native plugins for Editor in 0.00 ms.
Unloading 4029 Unused Serialized files (Serialized files now loaded: 0)
Unloading 43 unused Assets / (218.0 KB). Loaded Objects now: 4661.
Memory consumption went from 147.4 MB to 147.2 MB.
Total: 2.817500 ms (FindLiveObjects: 0.228600 ms CreateObjectMapping: 0.102900 ms MarkObjects: 2.352600 ms  DeleteObjects: 0.132700 ms)

Prepare: number of updated asset objects reloaded= 0
AssetImportParameters requested are different than current active one (requested -> active):
  custom:container-demuxer-ogg: 62fdf1f143b41e24485cea50d1cbac27 -> 
  custom:video-decoder-ogg-theora: a1e56fd34408186e4bbccfd4996cb3dc -> 
  custom:framework-win-MediaFoundation: 216162199b28c13a410421893ffa2e32 -> 
  custom:CustomObjectIndexerAttribute: 9a22284fe3817be447336de3de66b15e -> 
  custom:container-demuxer-webm: 4f35f7cbe854078d1ac9338744f61a02 -> 
  custom:container-muxer-webm: aa71ff27fc2769a1b78a27578f13a17b -> 
  custom:video-decoder-webm-vp8: 9c59270c3fd7afecdb556c50c9e8de78 -> 
  custom:SearchIndexIgnoredProperties: e643bd26f0fe6173181afceb89e7c659 -> 
  custom:AudioImporter_EditorPlatform: d09bf68614088b80899f8185d706f6e7 -> 
  custom:video-encoder-webm-vp8: eb34c28f22e8b96e1ab97ce403110664 -> 
  custom:audio-decoder-ogg-vorbis: bf7c407c2cedff20999df2af8eb42d56 -> 
  custom:audio-encoder-webm-vorbis: bf7c407c2cedff20999df2af8eb42d56 -> 
========================================================================
Received Prepare
Begin MonoManager ReloadAssembly
- Loaded All Assemblies, in  0.416 seconds
Refreshing native plugins compatible for Editor in 4.27 ms, found 4 plugins.
Native extension for WindowsStandalone target not found
Native extension for iOS target not found
Native extension for Android target not found
[Package Manager] Server::EnsureServerProcessIsRunning -- launch failed, reason: Unity was launched with the -noUpm command-line argument
[Package Manager] UpmClient::Send -- Unable to send message (not connected to UPM process).
[Package Manager] Cannot connect to Unity Package Manager local server
Mono: successfully reloaded assembly
- Finished resetting the current domain, in  0.934 seconds
Domain Reload Profiling: 1347ms
	BeginReloadAssembly (141ms)
		ExecutionOrderSort (0ms)
		DisableScriptedObjects (10ms)
		BackupInstance (0ms)
		ReleaseScriptingObjects (0ms)
		CreateAndSetChildDomain (29ms)
	RebuildCommonClasses (26ms)
	RebuildNativeTypeToScriptingClass (10ms)
	initialDomainReloadingComplete (29ms)
	LoadAllAssembliesAndSetupDomain (207ms)
		LoadAssemblies (260ms)
		RebuildTransferFunctionScriptingTraits (0ms)
		AnalyzeDomain (21ms)
			TypeCache.Refresh (7ms)
				TypeCache.ScanAssembly (0ms)
			ScanForSourceGeneratedMonoScriptInfo (8ms)
			ResolveRequiredComponents (6ms)
	FinalizeReload (935ms)
		ReleaseScriptCaches (0ms)
		RebuildScriptCaches (0ms)
		SetupLoadedEditorAssemblies (385ms)
			LogAssemblyErrors (0ms)
			InitializePlatformSupportModulesInManaged (32ms)
			SetLoadedEditorAssemblies (3ms)
			RefreshPlugins (0ms)
			BeforeProcessingInitializeOnLoad (77ms)
			ProcessInitializeOnLoadAttributes (233ms)
			ProcessInitializeOnLoadMethodAttributes (31ms)
			AfterProcessingInitializeOnLoad (10ms)
			EditorAssembliesLoaded (0ms)
		ExecutionOrderSort2 (0ms)
		AwakeInstancesAfterBackupRestoration (10ms)
Refreshing native plugins compatible for Editor in 4.29 ms, found 4 plugins.
Preloading 0 native plugins for Editor in 0.00 ms.
Unloading 4031 Unused Serialized files (Serialized files now loaded: 0)
Unloading 43 unused Assets / (218.1 KB). Loaded Objects now: 4666.
Memory consumption went from 147.7 MB to 147.5 MB.
Total: 2.701300 ms (FindLiveObjects: 0.217700 ms CreateObjectMapping: 0.102800 ms MarkObjects: 2.257200 ms  DeleteObjects: 0.122900 ms)

Prepare: number of updated asset objects reloaded= 0
AssetImportParameters requested are different than current active one (requested -> active):
  custom:container-demuxer-ogg: 62fdf1f143b41e24485cea50d1cbac27 -> 
  custom:video-decoder-ogg-theora: a1e56fd34408186e4bbccfd4996cb3dc -> 
  custom:framework-win-MediaFoundation: 216162199b28c13a410421893ffa2e32 -> 
  custom:CustomObjectIndexerAttribute: 9a22284fe3817be447336de3de66b15e -> 
  custom:container-demuxer-webm: 4f35f7cbe854078d1ac9338744f61a02 -> 
  custom:container-muxer-webm: aa71ff27fc2769a1b78a27578f13a17b -> 
  custom:video-decoder-webm-vp8: 9c59270c3fd7afecdb556c50c9e8de78 -> 
  custom:SearchIndexIgnoredProperties: e643bd26f0fe6173181afceb89e7c659 -> 
  custom:AudioImporter_EditorPlatform: d09bf68614088b80899f8185d706f6e7 -> 
  custom:video-encoder-webm-vp8: eb34c28f22e8b96e1ab97ce403110664 -> 
  custom:audio-decoder-ogg-vorbis: bf7c407c2cedff20999df2af8eb42d56 -> 
  custom:audio-encoder-webm-vorbis: bf7c407c2cedff20999df2af8eb42d56 -> 
========================================================================
Received Prepare
Begin MonoManager ReloadAssembly
- Loaded All Assemblies, in  0.426 seconds
Refreshing native plugins compatible for Editor in 4.40 ms, found 4 plugins.
Native extension for WindowsStandalone target not found
Native extension for iOS target not found
Native extension for Android target not found
[Package Manager] Server::EnsureServerProcessIsRunning -- launch failed, reason: Unity was launched with the -noUpm command-line argument
[Package Manager] UpmClient::Send -- Unable to send message (not connected to UPM process).
[Package Manager] Cannot connect to Unity Package Manager local server
Mono: successfully reloaded assembly
- Finished resetting the current domain, in  0.932 seconds
Domain Reload Profiling: 1355ms
	BeginReloadAssembly (142ms)
		ExecutionOrderSort (0ms)
		DisableScriptedObjects (12ms)
		BackupInstance (0ms)
		ReleaseScriptingObjects (0ms)
		CreateAndSetChildDomain (29ms)
	RebuildCommonClasses (28ms)
	RebuildNativeTypeToScriptingClass (9ms)
	initialDomainReloadingComplete (30ms)
	LoadAllAssembliesAndSetupDomain (213ms)
		LoadAssemblies (263ms)
		RebuildTransferFunctionScriptingTraits (0ms)
		AnalyzeDomain (24ms)
			TypeCache.Refresh (7ms)
				TypeCache.ScanAssembly (0ms)
			ScanForSourceGeneratedMonoScriptInfo (9ms)
			ResolveRequiredComponents (6ms)
	FinalizeReload (933ms)
		ReleaseScriptCaches (0ms)
		RebuildScriptCaches (0ms)
		SetupLoadedEditorAssemblies (382ms)
			LogAssemblyErrors (0ms)
			InitializePlatformSupportModulesInManaged (34ms)
			SetLoadedEditorAssemblies (3ms)
			RefreshPlugins (0ms)
			BeforeProcessingInitializeOnLoad (62ms)
			ProcessInitializeOnLoadAttributes (247ms)
			ProcessInitializeOnLoadMethodAttributes (26ms)
			AfterProcessingInitializeOnLoad (10ms)
			EditorAssembliesLoaded (0ms)
		ExecutionOrderSort2 (0ms)
		AwakeInstancesAfterBackupRestoration (10ms)
Refreshing native plugins compatible for Editor in 5.08 ms, found 4 plugins.
Preloading 0 native plugins for Editor in 0.00 ms.
Unloading 4032 Unused Serialized files (Serialized files now loaded: 0)
Unloading 43 unused Assets / (218.0 KB). Loaded Objects now: 4671.
Memory consumption went from 147.7 MB to 147.5 MB.
Total: 2.892100 ms (FindLiveObjects: 0.224200 ms CreateObjectMapping: 0.102500 ms MarkObjects: 2.399700 ms  DeleteObjects: 0.165100 ms)

Prepare: number of updated asset objects reloaded= 0
AssetImportParameters requested are different than current active one (requested -> active):
  custom:container-demuxer-ogg: 62fdf1f143b41e24485cea50d1cbac27 -> 
  custom:video-decoder-ogg-theora: a1e56fd34408186e4bbccfd4996cb3dc -> 
  custom:framework-win-MediaFoundation: 216162199b28c13a410421893ffa2e32 -> 
  custom:CustomObjectIndexerAttribute: 9a22284fe3817be447336de3de66b15e -> 
  custom:container-demuxer-webm: 4f35f7cbe854078d1ac9338744f61a02 -> 
  custom:container-muxer-webm: aa71ff27fc2769a1b78a27578f13a17b -> 
  custom:video-decoder-webm-vp8: 9c59270c3fd7afecdb556c50c9e8de78 -> 
  custom:SearchIndexIgnoredProperties: e643bd26f0fe6173181afceb89e7c659 -> 
  custom:AudioImporter_EditorPlatform: d09bf68614088b80899f8185d706f6e7 -> 
  custom:video-encoder-webm-vp8: eb34c28f22e8b96e1ab97ce403110664 -> 
  custom:audio-decoder-ogg-vorbis: bf7c407c2cedff20999df2af8eb42d56 -> 
  custom:audio-encoder-webm-vorbis: bf7c407c2cedff20999df2af8eb42d56 -> 
